



























[2026-01-27 23:14:36] ********************Experiment Results********************
[2026-01-27 23:14:36] log Filename: dataset__nasbench101|model__nnformer|debug__0|percent__100
[2026-01-27 23:14:36] Experiment Detail: dataset : nasbench101, model : nnformer, debug : 0, percent : 100
[2026-01-27 23:14:36] ------------------------------------------------------------
[2026-01-27 23:14:36] Tau       : 0.7026 ± 0.0000
[2026-01-27 23:14:36] MAPE      : 0.0333 ± 0.0000
[2026-01-27 23:14:36] ErrBnd    : 0.4960 ± 0.0000
[2026-01-27 23:14:36] Tau_EMA   : 0.7003 ± 0.0000
[2026-01-27 23:14:36] MAPE_EMA  : 0.0324 ± 0.0000
[2026-01-27 23:14:36] ErrBnd_EMA: 0.6296 ± 0.0000
[2026-01-27 23:14:36] ********************Experiment Success********************


[2026-01-27 23:33:07] ********************Experiment Results********************
[2026-01-27 23:33:07] log Filename: dataset__nasbench101|model__nnformer|debug__0|percent__172
[2026-01-27 23:33:07] Experiment Detail: dataset : nasbench101, model : nnformer, debug : 0, percent : 172
[2026-01-27 23:33:07] ------------------------------------------------------------
[2026-01-27 23:33:07] Tau       : 0.7278 ± 0.0000
[2026-01-27 23:33:07] MAPE      : 0.0318 ± 0.0000
[2026-01-27 23:33:07] ErrBnd    : 0.6679 ± 0.0000
[2026-01-27 23:33:07] Tau_EMA   : 0.7234 ± 0.0000
[2026-01-27 23:33:07] MAPE_EMA  : 0.0314 ± 0.0000
[2026-01-27 23:33:07] ErrBnd_EMA: 0.6916 ± 0.0000
[2026-01-27 23:33:07] ********************Experiment Success********************


[2026-01-27 23:54:44] ********************Experiment Results********************
[2026-01-27 23:54:44] log Filename: dataset__nasbench101|model__nnformer|debug__0|percent__424
[2026-01-27 23:54:44] Experiment Detail: dataset : nasbench101, model : nnformer, debug : 0, percent : 424
[2026-01-27 23:54:44] ------------------------------------------------------------
[2026-01-27 23:54:44] Tau       : 0.7953 ± 0.0000
[2026-01-27 23:54:44] MAPE      : 0.0280 ± 0.0000
[2026-01-27 23:54:44] ErrBnd    : 0.8054 ± 0.0000
[2026-01-27 23:54:44] Tau_EMA   : 0.7934 ± 0.0000
[2026-01-27 23:54:44] MAPE_EMA  : 0.0281 ± 0.0000
[2026-01-27 23:54:44] ErrBnd_EMA: 0.8039 ± 0.0000
[2026-01-27 23:54:44] ********************Experiment Success********************


[2026-01-28 00:57:50] ********************Experiment Results********************
[2026-01-28 00:57:50] log Filename: dataset__nasbench101|model__nnformer|debug__0|percent__4236
[2026-01-28 00:57:50] Experiment Detail: dataset : nasbench101, model : nnformer, debug : 0, percent : 4236
[2026-01-28 00:57:50] ------------------------------------------------------------
[2026-01-28 00:57:50] Tau       : 0.8822 ± 0.0000
[2026-01-28 00:57:50] MAPE      : 0.0189 ± 0.0000
[2026-01-28 00:57:50] ErrBnd    : 0.9329 ± 0.0000
[2026-01-28 00:57:50] Tau_EMA   : 0.8824 ± 0.0000
[2026-01-28 00:57:50] MAPE_EMA  : 0.0190 ± 0.0000
[2026-01-28 00:57:50] ErrBnd_EMA: 0.9324 ± 0.0000
[2026-01-28 00:57:50] ********************Experiment Success********************


[2026-01-28 01:07:08] ********************Experiment Results********************
[2026-01-28 01:07:08] log Filename: dataset__nasbench101|model__model33|debug__0|percent__100
[2026-01-28 01:07:08] Experiment Detail: dataset : nasbench101, model : model33, debug : 0, percent : 100
[2026-01-28 01:07:08] ------------------------------------------------------------
[2026-01-28 01:07:08] Tau       : 0.6102 ± 0.0000
[2026-01-28 01:07:08] MAPE      : 0.0364 ± 0.0000
[2026-01-28 01:07:08] ErrBnd    : 0.5668 ± 0.0000
[2026-01-28 01:07:08] Tau_EMA   : 0.6033 ± 0.0000
[2026-01-28 01:07:08] MAPE_EMA  : 0.0579 ± 0.0000
[2026-01-28 01:07:08] ErrBnd_EMA: 0.0432 ± 0.0000
[2026-01-28 01:07:08] ********************Experiment Success********************


[2026-01-28 01:17:04] ********************Experiment Results********************
[2026-01-28 01:17:04] log Filename: dataset__nasbench101|model__model33|debug__0|percent__172
[2026-01-28 01:17:04] Experiment Detail: dataset : nasbench101, model : model33, debug : 0, percent : 172
[2026-01-28 01:17:04] ------------------------------------------------------------
[2026-01-28 01:17:04] Tau       : 0.6219 ± 0.0000
[2026-01-28 01:17:04] MAPE      : 0.0365 ± 0.0000
[2026-01-28 01:17:04] ErrBnd    : 0.4666 ± 0.0000
[2026-01-28 01:17:04] Tau_EMA   : 0.6098 ± 0.0000
[2026-01-28 01:17:04] MAPE_EMA  : 0.0371 ± 0.0000
[2026-01-28 01:17:04] ErrBnd_EMA: 0.4115 ± 0.0000
[2026-01-28 01:17:04] ********************Experiment Success********************


[2026-01-28 01:28:28] ********************Experiment Results********************
[2026-01-28 01:28:28] log Filename: dataset__nasbench101|model__model33|debug__0|percent__424
[2026-01-28 01:28:28] Experiment Detail: dataset : nasbench101, model : model33, debug : 0, percent : 424
[2026-01-28 01:28:28] ------------------------------------------------------------
[2026-01-28 01:28:28] Tau       : 0.6351 ± 0.0000
[2026-01-28 01:28:28] MAPE      : 0.0356 ± 0.0000
[2026-01-28 01:28:28] ErrBnd    : 0.4638 ± 0.0000
[2026-01-28 01:28:28] Tau_EMA   : 0.6351 ± 0.0000
[2026-01-28 01:28:28] MAPE_EMA  : 0.0356 ± 0.0000
[2026-01-28 01:28:28] ErrBnd_EMA: 0.4727 ± 0.0000
[2026-01-28 01:28:28] ********************Experiment Success********************


[2026-01-28 01:59:00] ********************Experiment Results********************
[2026-01-28 01:59:00] log Filename: dataset__nasbench101|model__model33|debug__0|percent__4236
[2026-01-28 01:59:00] Experiment Detail: dataset : nasbench101, model : model33, debug : 0, percent : 4236
[2026-01-28 01:59:00] ------------------------------------------------------------
[2026-01-28 01:59:00] Tau       : 0.8125 ± 0.0000
[2026-01-28 01:59:00] MAPE      : 0.0244 ± 0.0000
[2026-01-28 01:59:00] ErrBnd    : 0.8150 ± 0.0000
[2026-01-28 01:59:00] Tau_EMA   : 0.8124 ± 0.0000
[2026-01-28 01:59:00] MAPE_EMA  : 0.0245 ± 0.0000
[2026-01-28 01:59:00] ErrBnd_EMA: 0.8124 ± 0.0000
[2026-01-28 01:59:00] ********************Experiment Success********************




















































































[2026-01-28 17:35:08] ********************Experiment Results********************
[2026-01-28 17:35:08] log Filename: dataset__nasbench101|model__model41|debug__0|dotrain__False|percent__100
[2026-01-28 17:35:08] Experiment Detail: dataset : nasbench101, model : model41, debug : 0, do_train : False, percent : 100
[2026-01-28 17:35:08] ------------------------------------------------------------
[2026-01-28 17:35:08] Tau       : 0.3073 ± 0.0000
[2026-01-28 17:35:08] MAPE      : 0.0945 ± 0.0000
[2026-01-28 17:35:08] ErrBnd    : 0.0069 ± 0.0000
[2026-01-28 17:35:08] Tau_EMA   : 0.2648 ± 0.0000
[2026-01-28 17:35:08] MAPE_EMA  : 0.0937 ± 0.0000
[2026-01-28 17:35:08] ErrBnd_EMA: 0.0098 ± 0.0000
[2026-01-28 17:35:08] ********************Experiment Success********************






[2026-01-28 17:47:53] ********************Experiment Results********************
[2026-01-28 17:47:53] log Filename: dataset__nasbench101|model__model41|debug__0|percent__100
[2026-01-28 17:47:53] Experiment Detail: dataset : nasbench101, model : model41, debug : 0, percent : 100
[2026-01-28 17:47:53] ------------------------------------------------------------
[2026-01-28 17:47:53] Tau       : 0.3880 ± 0.0000
[2026-01-28 17:47:53] MAPE      : 0.0420 ± 0.0000
[2026-01-28 17:47:53] ErrBnd    : 0.3791 ± 0.0000
[2026-01-28 17:47:53] Tau_EMA   : 0.3698 ± 0.0000
[2026-01-28 17:47:53] MAPE_EMA  : 0.0438 ± 0.0000
[2026-01-28 17:47:53] ErrBnd_EMA: 0.3641 ± 0.0000
[2026-01-28 17:47:53] ********************Experiment Success********************




[2026-01-28 17:59:10] ********************Experiment Results********************
[2026-01-28 17:59:10] log Filename: dataset__nasbench101|model__model41|debug__0|percent__100
[2026-01-28 17:59:10] Experiment Detail: dataset : nasbench101, model : model41, debug : 0, percent : 100
[2026-01-28 17:59:10] ------------------------------------------------------------
[2026-01-28 17:59:10] Tau       : 0.5730 ± 0.0000
[2026-01-28 17:59:10] MAPE      : 0.0364 ± 0.0000
[2026-01-28 17:59:10] ErrBnd    : 0.4411 ± 0.0000
[2026-01-28 17:59:10] Tau_EMA   : 0.5637 ± 0.0000
[2026-01-28 17:59:10] MAPE_EMA  : 0.0372 ± 0.0000
[2026-01-28 17:59:10] ErrBnd_EMA: 0.3968 ± 0.0000
[2026-01-28 17:59:10] ********************Experiment Success********************




[2026-01-28 19:10:13] ********************Experiment Results********************
[2026-01-28 19:10:13] log Filename: dataset__nasbench101|model__model41|debug__0|gcnlayers__3|percent__100
[2026-01-28 19:10:13] Experiment Detail: dataset : nasbench101, model : model41, debug : 0, gcn_layers : 3, percent : 100
[2026-01-28 19:10:13] ------------------------------------------------------------
[2026-01-28 19:10:13] Tau       : 0.5574 ± 0.0000
[2026-01-28 19:10:13] MAPE      : 0.0396 ± 0.0000
[2026-01-28 19:10:13] ErrBnd    : 0.4213 ± 0.0000
[2026-01-28 19:10:13] Tau_EMA   : 0.5532 ± 0.0000
[2026-01-28 19:10:13] MAPE_EMA  : 0.0478 ± 0.0000
[2026-01-28 19:10:13] ErrBnd_EMA: 0.1680 ± 0.0000
[2026-01-28 19:10:13] ********************Experiment Success********************


[2026-01-28 19:21:07] ********************Experiment Results********************
[2026-01-28 19:21:07] log Filename: dataset__nasbench101|model__model41|debug__0|gcnlayers__4|percent__100
[2026-01-28 19:21:07] Experiment Detail: dataset : nasbench101, model : model41, debug : 0, gcn_layers : 4, percent : 100
[2026-01-28 19:21:07] ------------------------------------------------------------
[2026-01-28 19:21:07] Tau       : 0.5544 ± 0.0000
[2026-01-28 19:21:07] MAPE      : 0.0410 ± 0.0000
[2026-01-28 19:21:07] ErrBnd    : 0.3115 ± 0.0000
[2026-01-28 19:21:07] Tau_EMA   : 0.5467 ± 0.0000
[2026-01-28 19:21:07] MAPE_EMA  : 0.0474 ± 0.0000
[2026-01-28 19:21:07] ErrBnd_EMA: 0.1549 ± 0.0000
[2026-01-28 19:21:07] ********************Experiment Success********************


[2026-01-28 19:30:36] ********************Experiment Results********************
[2026-01-28 19:30:36] log Filename: dataset__nasbench101|model__model41|debug__0|gcnlayers__5|percent__100
[2026-01-28 19:30:36] Experiment Detail: dataset : nasbench101, model : model41, debug : 0, gcn_layers : 5, percent : 100
[2026-01-28 19:30:36] ------------------------------------------------------------
[2026-01-28 19:30:36] Tau       : 0.5471 ± 0.0000
[2026-01-28 19:30:36] MAPE      : 0.0391 ± 0.0000
[2026-01-28 19:30:36] ErrBnd    : 0.4088 ± 0.0000
[2026-01-28 19:30:36] Tau_EMA   : 0.5459 ± 0.0000
[2026-01-28 19:30:36] MAPE_EMA  : 0.0491 ± 0.0000
[2026-01-28 19:30:36] ErrBnd_EMA: 0.1467 ± 0.0000
[2026-01-28 19:30:36] ********************Experiment Success********************






[2026-01-28 20:07:38] ********************Experiment Results********************
[2026-01-28 20:07:38] log Filename: dataset__nasbench101|model__model41|debug__0|gcnlayers__2|percent__100
[2026-01-28 20:07:38] Experiment Detail: dataset : nasbench101, model : model41, debug : 0, gcn_layers : 2, percent : 100
[2026-01-28 20:07:38] ------------------------------------------------------------
[2026-01-28 20:07:38] Tau       : 0.5541 ± 0.0000
[2026-01-28 20:07:38] MAPE      : 0.0419 ± 0.0000
[2026-01-28 20:07:38] ErrBnd    : 0.2531 ± 0.0000
[2026-01-28 20:07:38] Tau_EMA   : 0.5522 ± 0.0000
[2026-01-28 20:07:38] MAPE_EMA  : 0.0420 ± 0.0000
[2026-01-28 20:07:38] ErrBnd_EMA: 0.4295 ± 0.0000
[2026-01-28 20:07:38] ********************Experiment Success********************


[2026-01-28 20:15:41] ********************Experiment Results********************
[2026-01-28 20:15:41] log Filename: dataset__nasbench101|model__model41|debug__0|gcnlayers__3|percent__100
[2026-01-28 20:15:41] Experiment Detail: dataset : nasbench101, model : model41, debug : 0, gcn_layers : 3, percent : 100
[2026-01-28 20:15:41] ------------------------------------------------------------
[2026-01-28 20:15:41] Tau       : 0.5730 ± 0.0000
[2026-01-28 20:15:41] MAPE      : 0.0364 ± 0.0000
[2026-01-28 20:15:41] ErrBnd    : 0.4411 ± 0.0000
[2026-01-28 20:15:41] Tau_EMA   : 0.5637 ± 0.0000
[2026-01-28 20:15:41] MAPE_EMA  : 0.0372 ± 0.0000
[2026-01-28 20:15:41] ErrBnd_EMA: 0.3968 ± 0.0000
[2026-01-28 20:15:41] ********************Experiment Success********************


[2026-01-28 20:24:35] ********************Experiment Results********************
[2026-01-28 20:24:35] log Filename: dataset__nasbench101|model__model41|debug__0|gcnlayers__4|percent__100
[2026-01-28 20:24:35] Experiment Detail: dataset : nasbench101, model : model41, debug : 0, gcn_layers : 4, percent : 100
[2026-01-28 20:24:35] ------------------------------------------------------------
[2026-01-28 20:24:35] Tau       : 0.5594 ± 0.0000
[2026-01-28 20:24:35] MAPE      : 0.0359 ± 0.0000
[2026-01-28 20:24:35] ErrBnd    : 0.4799 ± 0.0000
[2026-01-28 20:24:35] Tau_EMA   : 0.5477 ± 0.0000
[2026-01-28 20:24:35] MAPE_EMA  : 0.0377 ± 0.0000
[2026-01-28 20:24:35] ErrBnd_EMA: 0.3786 ± 0.0000
[2026-01-28 20:24:35] ********************Experiment Success********************


[2026-01-28 20:34:38] ********************Experiment Results********************
[2026-01-28 20:34:38] log Filename: dataset__nasbench101|model__model41|debug__0|gcnlayers__5|percent__100
[2026-01-28 20:34:38] Experiment Detail: dataset : nasbench101, model : model41, debug : 0, gcn_layers : 5, percent : 100
[2026-01-28 20:34:38] ------------------------------------------------------------
[2026-01-28 20:34:38] Tau       : 0.5440 ± 0.0000
[2026-01-28 20:34:38] MAPE      : 0.0367 ± 0.0000
[2026-01-28 20:34:38] ErrBnd    : 0.4146 ± 0.0000
[2026-01-28 20:34:38] Tau_EMA   : 0.5356 ± 0.0000
[2026-01-28 20:34:38] MAPE_EMA  : 0.0369 ± 0.0000
[2026-01-28 20:34:38] ErrBnd_EMA: 0.4058 ± 0.0000
[2026-01-28 20:34:38] ********************Experiment Success********************





[2026-01-28 20:47:35] ********************Experiment Results********************
[2026-01-28 20:47:35] log Filename: dataset__nasbench101|model__model42|debug__0|gcnlayers__2|percent__100
[2026-01-28 20:47:35] Experiment Detail: dataset : nasbench101, model : model42, debug : 0, gcn_layers : 2, percent : 100
[2026-01-28 20:47:35] ------------------------------------------------------------
[2026-01-28 20:47:35] Tau       : 0.6321 ± 0.0000
[2026-01-28 20:47:35] MAPE      : 0.0396 ± 0.0000
[2026-01-28 20:47:35] ErrBnd    : 0.5839 ± 0.0000
[2026-01-28 20:47:35] Tau_EMA   : 0.6253 ± 0.0000
[2026-01-28 20:47:35] MAPE_EMA  : 0.0410 ± 0.0000
[2026-01-28 20:47:35] ErrBnd_EMA: 0.5162 ± 0.0000
[2026-01-28 20:47:35] ********************Experiment Success********************


[2026-01-28 21:03:49] ********************Experiment Results********************
[2026-01-28 21:03:49] log Filename: dataset__nasbench101|model__model42|debug__0|gcnlayers__3|percent__100
[2026-01-28 21:03:49] Experiment Detail: dataset : nasbench101, model : model42, debug : 0, gcn_layers : 3, percent : 100
[2026-01-28 21:03:49] ------------------------------------------------------------
[2026-01-28 21:03:49] Tau       : 0.5836 ± 0.0000
[2026-01-28 21:03:49] MAPE      : 0.0360 ± 0.0000
[2026-01-28 21:03:49] ErrBnd    : 0.4526 ± 0.0000
[2026-01-28 21:03:49] Tau_EMA   : 0.5454 ± 0.0000
[2026-01-28 21:03:49] MAPE_EMA  : 0.0415 ± 0.0000
[2026-01-28 21:03:49] ErrBnd_EMA: 0.4412 ± 0.0000
[2026-01-28 21:03:49] ********************Experiment Success********************


[2026-01-28 21:22:54] ********************Experiment Results********************
[2026-01-28 21:22:54] log Filename: dataset__nasbench101|model__model42|debug__0|gcnlayers__4|percent__100
[2026-01-28 21:22:54] Experiment Detail: dataset : nasbench101, model : model42, debug : 0, gcn_layers : 4, percent : 100
[2026-01-28 21:22:54] ------------------------------------------------------------
[2026-01-28 21:22:54] Tau       : 0.5228 ± 0.0000
[2026-01-28 21:22:54] MAPE      : 0.0366 ± 0.0000
[2026-01-28 21:22:54] ErrBnd    : 0.4750 ± 0.0000
[2026-01-28 21:22:54] Tau_EMA   : 0.5019 ± 0.0000
[2026-01-28 21:22:54] MAPE_EMA  : 0.0376 ± 0.0000
[2026-01-28 21:22:54] ErrBnd_EMA: 0.4299 ± 0.0000
[2026-01-28 21:22:54] ********************Experiment Success********************


[2026-01-28 21:46:08] ********************Experiment Results********************
[2026-01-28 21:46:08] log Filename: dataset__nasbench101|model__model42|debug__0|gcnlayers__5|percent__100
[2026-01-28 21:46:08] Experiment Detail: dataset : nasbench101, model : model42, debug : 0, gcn_layers : 5, percent : 100
[2026-01-28 21:46:08] ------------------------------------------------------------
[2026-01-28 21:46:08] Tau       : 0.5360 ± 0.0000
[2026-01-28 21:46:08] MAPE      : 0.0423 ± 0.0000
[2026-01-28 21:46:08] ErrBnd    : 0.2349 ± 0.0000
[2026-01-28 21:46:08] Tau_EMA   : 0.4387 ± 0.0000
[2026-01-28 21:46:08] MAPE_EMA  : 0.2105 ± 0.0000
[2026-01-28 21:46:08] ErrBnd_EMA: 0.0001 ± 0.0000
[2026-01-28 21:46:08] ********************Experiment Success********************


[2026-01-29 14:52:45] ********************Experiment Results********************
[2026-01-29 14:52:45] log Filename: dataset__nasbench101|model__model43|debug__0|gcnlayers__2|graphreadout__sum|percent__100
[2026-01-29 14:52:45] Experiment Detail: dataset : nasbench101, model : model43, debug : 0, gcn_layers : 2, graph_readout : sum, percent : 100
[2026-01-29 14:52:45] ------------------------------------------------------------
[2026-01-29 14:52:45] Tau       : 0.6321 ± 0.0000
[2026-01-29 14:52:45] MAPE      : 0.0396 ± 0.0000
[2026-01-29 14:52:45] ErrBnd    : 0.5839 ± 0.0000
[2026-01-29 14:52:45] Tau_EMA   : 0.6253 ± 0.0000
[2026-01-29 14:52:45] MAPE_EMA  : 0.0410 ± 0.0000
[2026-01-29 14:52:45] ErrBnd_EMA: 0.5162 ± 0.0000
[2026-01-29 14:52:45] ********************Experiment Success********************


[2026-01-29 15:07:09] ********************Experiment Results********************
[2026-01-29 15:07:09] log Filename: dataset__nasbench101|model__model43|debug__0|gcnlayers__2|graphreadout__mean|percent__100
[2026-01-29 15:07:09] Experiment Detail: dataset : nasbench101, model : model43, debug : 0, gcn_layers : 2, graph_readout : mean, percent : 100
[2026-01-29 15:07:09] ------------------------------------------------------------
[2026-01-29 15:07:09] Tau       : 0.6287 ± 0.0000
[2026-01-29 15:07:09] MAPE      : 0.0342 ± 0.0000
[2026-01-29 15:07:09] ErrBnd    : 0.5659 ± 0.0000
[2026-01-29 15:07:09] Tau_EMA   : 0.5954 ± 0.0000
[2026-01-29 15:07:09] MAPE_EMA  : 0.0680 ± 0.0000
[2026-01-29 15:07:09] ErrBnd_EMA: 0.0461 ± 0.0000
[2026-01-29 15:07:09] ********************Experiment Success********************




[2026-01-29 15:22:08] ********************Experiment Results********************
[2026-01-29 15:22:08] log Filename: dataset__nasbench101|model__model43|debug__0|gcnlayers__2|graphreadout__max|percent__100
[2026-01-29 15:22:08] Experiment Detail: dataset : nasbench101, model : model43, debug : 0, gcn_layers : 2, graph_readout : max, percent : 100
[2026-01-29 15:22:08] ------------------------------------------------------------
[2026-01-29 15:22:08] Tau       : 0.6160 ± 0.0000
[2026-01-29 15:22:08] MAPE      : 0.0553 ± 0.0000
[2026-01-29 15:22:08] ErrBnd    : 0.1219 ± 0.0000
[2026-01-29 15:22:08] Tau_EMA   : 0.5936 ± 0.0000
[2026-01-29 15:22:08] MAPE_EMA  : 0.0554 ± 0.0000
[2026-01-29 15:22:08] ErrBnd_EMA: 0.1261 ± 0.0000
[2026-01-29 15:22:08] ********************Experiment Success********************






































[2026-01-29 15:57:22] ********************Experiment Results********************
[2026-01-29 15:57:22] log Filename: dataset__nasbench101|model__model43|debug__0|gcnlayers__2|graphreadout__cls|percent__100
[2026-01-29 15:57:22] Experiment Detail: dataset : nasbench101, model : model43, debug : 0, gcn_layers : 2, graph_readout : cls, percent : 100
[2026-01-29 15:57:22] ------------------------------------------------------------
[2026-01-29 15:57:22] Tau       : 0.6270 ± 0.0000
[2026-01-29 15:57:22] MAPE      : 0.0365 ± 0.0000
[2026-01-29 15:57:22] ErrBnd    : 0.3775 ± 0.0000
[2026-01-29 15:57:22] Tau_EMA   : 0.6199 ± 0.0000
[2026-01-29 15:57:22] MAPE_EMA  : 0.0373 ± 0.0000
[2026-01-29 15:57:22] ErrBnd_EMA: 0.3510 ± 0.0000
[2026-01-29 15:57:22] ********************Experiment Success********************










