========================================================
  NARLoss v3 续跑（从崩溃点恢复）
  2026-03-21 18:33:40
========================================================

[Stage A 续] lambda_consistency 扫描  (l1, lambda_rank=1.0)
  18:33:40

[18:33:40] lambda_consistency=0.8
/home/rtx4090/anaconda3/lib/python3.12/site-packages/timm/models/layers/__init__.py:48: FutureWarning: Importing from timm.models.layers is deprecated, please import via timm.layers
  warnings.warn(f"Importing from {__name__} is deprecated, please import via timm.layers", FutureWarning)
2026-03-21 18:33:42 INFO: Totally 1 GPUs are available.
2026-03-21 18:33:42 INFO: Configs: Namespace(seed=2023, dataset='nasbench101', model='model56', device='cuda', do_train=True, data_path='data/nasbench101/all_nasbench101.pt', override_data=False, test_model_type='resnet18', finetuning=False, batch_size=128, percent=100, n_workers=1, parallel=False, embed_type='onehot_op', act_function='relu', class_token=True, depth_embed=True, encoder_type='nn', enc_dim=96, in_chans=32, d_model=180, dropout=0.1, gcn_layers=10, pool_gnn_layers=2, num_pooling=1, pool_ratio=0.25, graph_readout='att', graph_d_model=160, graph_d_ff=640, graph_n_head=6, depths=[12], drop_path_rate=0.0, tf_layers=3, use_head=0, avg_tokens=False, use_aux_loss=0, opt='adamw', opt_eps=None, opt_betas=None, momentum=0.9, weight_decay=0.01, sched='cosine', lr=0.0001, lr_cycle_mul=1.0, min_ratio=0.1, decay_rate=0.1, warmup_lr=1e-06, warmup_epochs=5, lr_cycle_limit=1, epochs=3000, resume='', save_path='results/model56/nasbench101/model56_100/', save_epoch_freq=1000, pretrained_path=None, print_freq=10000, patience=1500, lambda_mse=1.0, lambda_rank=1.0, lambda_consistency=0.8, rank_loss_type='l1', rank_alpha=10.0, test_freq=1, tqdm=0, try_exp=-1, rounds=2, debug=0)
2026-03-21 18:33:42 INFO: Building dataset train from .pth file
2026-03-21 18:33:42 INFO: Finish Loading dataset train; Number of sample groups: 100; Total samples: 200; Time: 0.01s
2026-03-21 18:33:42 INFO: Building dataset val from .pth file
2026-03-21 18:33:42 INFO: Finish Loading dataset val; Number of samples: 1024; Time: 0.07s
[1;31mdataset__nasbench101|model__model56|dmodel__180|embedtype__onehot_op|gcnlayers__10|graphnhead__6|graphreadout__att|lambdaconsistency__0.8|lambdamse__1.0|lambdarank__1.0|percent__100|ranklosstype__l1[0m
Loading cached data from ./data/nasbench101/nasbench101_0.8/train_100_onehot_op_cached_data.pth
Loading cached data from ./data/nasbench101/nasbench101_0/val_100_onehot_op_cached_data.pth
Model : model56
warmup steps: 600.0
2026-03-21 18:43:10 INFO: Early stopping at epoch 2756 | Best KT:0.71110 MAPE:0.02857 ErrB:0.49414
2026-03-21 18:43:11 INFO: Saved tau curve to ./results/tau/20260321184311_model56_100.pdf
2026-03-21 18:43:11 INFO: Training Finished | Best KT 0.71110 | Best MAPE  0.02857164 | Best ErrB  0.49414062
2026-03-21 18:43:11 INFO: Building dataset test from .pth file
2026-03-21 18:44:43 INFO: Finish Loading dataset test; Number of sample groups: 423624; Total samples: 6354360; Time: 92.40s
Loaded split field index from data/nasbench101/all_nasbench101_onehot_op.index.pt (423624 samples)
Loaded split field adj from data/nasbench101/all_nasbench101_onehot_op.adj.pt (423624 samples)
Loaded split field ops from data/nasbench101/all_nasbench101_onehot_op.ops.pt (423624 samples)
Loaded split field validation_accuracy from data/nasbench101/all_nasbench101_onehot_op.validation_accuracy.pt (423624 samples)
Loaded split field test_accuracy from data/nasbench101/all_nasbench101_onehot_op.test_accuracy.pt (423624 samples)
Loaded split field code from data/nasbench101/all_nasbench101_onehot_op.code.pt (423624 samples)
Loaded split field code_rel_pos from data/nasbench101/all_nasbench101_onehot_op.code_rel_pos.pt (423624 samples)
Loaded split field code_depth from data/nasbench101/all_nasbench101_onehot_op.code_depth.pt (423624 samples)
Loaded split field op_depth_raw from data/nasbench101/all_nasbench101_onehot_op.op_depth_raw.pt (423624 samples)
Loaded split field op_depth from data/nasbench101/all_nasbench101_onehot_op.op_depth.pt (423624 samples)
Loaded split field distance from data/nasbench101/all_nasbench101_onehot_op.distance.pt (423624 samples)
Loaded split field in_degree from data/nasbench101/all_nasbench101_onehot_op.in_degree.pt (423624 samples)
Loaded split field out_degree from data/nasbench101/all_nasbench101_onehot_op.out_degree.pt (423624 samples)
Loaded split field dir_pe_rw from data/nasbench101/all_nasbench101_onehot_op.dir_pe_rw.pt (423624 samples)
Loaded split field dir_pe_ml from data/nasbench101/all_nasbench101_onehot_op.dir_pe_ml.pt (423624 samples)
Data cached to ./data/nasbench101/nasbench101_0.8/test_100_onehot_op_cached_data.pth
Model : model56
Namespace(seed=2023, dataset='nasbench101', model='model56', device='cuda', do_train=True, data_path='data/nasbench101/all_nasbench101_onehot_op.pt', override_data=False, test_model_type='resnet18', finetuning=False, batch_size=128, percent=100, n_workers=1, parallel=False, embed_type='onehot_op', act_function='relu', class_token=True, depth_embed=True, encoder_type='nn', enc_dim=96, in_chans=32, d_model=180, dropout=0.1, gcn_layers=10, pool_gnn_layers=2, num_pooling=1, pool_ratio=0.25, graph_readout='att', graph_d_model=160, graph_d_ff=640, graph_n_head=6, depths=[12], drop_path_rate=0.0, tf_layers=3, use_head=0, avg_tokens=False, use_aux_loss=0, opt='adamw', opt_eps=None, opt_betas=None, momentum=0.9, weight_decay=0.01, sched='cosine', lr=0.0001, lr_cycle_mul=1.0, min_ratio=0.1, decay_rate=0.1, warmup_lr=1e-06, warmup_epochs=5, lr_cycle_limit=1, epochs=3000, resume='', save_path='results/model56/nasbench101/model56_100/', save_epoch_freq=1000, pretrained_path=None, print_freq=10000, patience=1500, lambda_mse=1.0, lambda_rank=1.0, lambda_consistency=0.8, rank_loss_type='l1', rank_alpha=10.0, test_freq=1, tqdm=0, try_exp=-1, rounds=2, debug=0)
2026-03-21 18:45:28 INFO: [EVAL-best]  TrainKT  0.71110 | KT  0.69833, MAPE  0.03561, ErrBnd(0.01)  0.48963
2026-03-21 18:45:28 INFO: Totally 1 GPUs are available.
2026-03-21 18:45:28 INFO: Configs: Namespace(seed=2023, dataset='nasbench101', model='model56', device='cuda', do_train=True, data_path='data/nasbench101/all_nasbench101.pt', override_data=False, test_model_type='resnet18', finetuning=False, batch_size=128, percent=100, n_workers=1, parallel=False, embed_type='onehot_op', act_function='relu', class_token=True, depth_embed=True, encoder_type='nn', enc_dim=96, in_chans=32, d_model=180, dropout=0.1, gcn_layers=10, pool_gnn_layers=2, num_pooling=1, pool_ratio=0.25, graph_readout='att', graph_d_model=160, graph_d_ff=640, graph_n_head=6, depths=[12], drop_path_rate=0.0, tf_layers=3, use_head=0, avg_tokens=False, use_aux_loss=0, opt='adamw', opt_eps=None, opt_betas=None, momentum=0.9, weight_decay=0.01, sched='cosine', lr=0.0001, lr_cycle_mul=1.0, min_ratio=0.1, decay_rate=0.1, warmup_lr=1e-06, warmup_epochs=5, lr_cycle_limit=1, epochs=3000, resume='', save_path='results/model56/nasbench101/model56_100/', save_epoch_freq=1000, pretrained_path=None, print_freq=10000, patience=1500, lambda_mse=1.0, lambda_rank=1.0, lambda_consistency=0.8, rank_loss_type='l1', rank_alpha=10.0, test_freq=1, tqdm=0, try_exp=-1, rounds=2, debug=0)
2026-03-21 18:45:28 INFO: Building dataset train from .pth file
2026-03-21 18:45:28 INFO: Finish Loading dataset train; Number of sample groups: 100; Total samples: 200; Time: 0.01s
2026-03-21 18:45:28 INFO: Building dataset val from .pth file
2026-03-21 18:45:28 INFO: Finish Loading dataset val; Number of samples: 1024; Time: 0.07s
Loading cached data from ./data/nasbench101/nasbench101_0.8/train_100_onehot_op_cached_data.pth
Loading cached data from ./data/nasbench101/nasbench101_0/val_100_onehot_op_cached_data.pth
Model : model56
warmup steps: 600.0
2026-03-21 18:54:04 INFO: Early stopping at epoch 2442 | Best KT:0.71096 MAPE:0.02459 ErrB:0.70508
2026-03-21 18:54:04 INFO: Saved tau curve to ./results/tau/20260321185404_model56_100.pdf
2026-03-21 18:54:04 INFO: Training Finished | Best KT 0.71096 | Best MAPE  0.02459051 | Best ErrB  0.70507812
2026-03-21 18:54:04 INFO: Building dataset test from .pth file
2026-03-21 18:54:50 INFO: Finish Loading dataset test; Number of sample groups: 423624; Total samples: 6354360; Time: 45.80s
Loading cached data from ./data/nasbench101/nasbench101_0.8/test_100_onehot_op_cached_data.pth
Model : model56
Namespace(seed=2023, dataset='nasbench101', model='model56', device='cuda', do_train=True, data_path='data/nasbench101/all_nasbench101_onehot_op.pt', override_data=False, test_model_type='resnet18', finetuning=False, batch_size=128, percent=100, n_workers=1, parallel=False, embed_type='onehot_op', act_function='relu', class_token=True, depth_embed=True, encoder_type='nn', enc_dim=96, in_chans=32, d_model=180, dropout=0.1, gcn_layers=10, pool_gnn_layers=2, num_pooling=1, pool_ratio=0.25, graph_readout='att', graph_d_model=160, graph_d_ff=640, graph_n_head=6, depths=[12], drop_path_rate=0.0, tf_layers=3, use_head=0, avg_tokens=False, use_aux_loss=0, opt='adamw', opt_eps=None, opt_betas=None, momentum=0.9, weight_decay=0.01, sched='cosine', lr=0.0001, lr_cycle_mul=1.0, min_ratio=0.1, decay_rate=0.1, warmup_lr=1e-06, warmup_epochs=5, lr_cycle_limit=1, epochs=3000, resume='', save_path='results/model56/nasbench101/model56_100/', save_epoch_freq=1000, pretrained_path=None, print_freq=10000, patience=1500, lambda_mse=1.0, lambda_rank=1.0, lambda_consistency=0.8, rank_loss_type='l1', rank_alpha=10.0, test_freq=1, tqdm=0, try_exp=-1, rounds=2, debug=0)
2026-03-21 18:55:31 INFO: [EVAL-best]  TrainKT  0.71096 | KT  0.69906, MAPE  0.03171, ErrBnd(0.01)  0.67622
[2026-03-21 18:55:34] ********************Experiment Results********************
[2026-03-21 18:55:34] log Filename: dataset__nasbench101|model__model56|dmodel__180|embedtype__onehot_op|gcnlayers__10|graphnhead__6|graphreadout__att|lambdaconsistency__0.8|lambdamse__1.0|lambdarank__1.0|percent__100|ranklosstype__l1
[2026-03-21 18:55:34] Experiment Detail: dataset : nasbench101, model : model56, d_model : 180, embed_type : onehot_op, gcn_layers : 10, graph_n_head : 6, graph_readout : att, lambda_consistency : 0.8, lambda_mse : 1.0, lambda_rank : 1.0, percent : 100, rank_loss_type : l1
[2026-03-21 18:55:34] ------------------------------------------------------------
[2026-03-21 18:55:34] train_tau : 0.7110 ± 0.0001
[2026-03-21 18:55:34] Tau       : 0.6987 ± 0.0004
[2026-03-21 18:55:34] MAPE      : 0.0337 ± 0.0020
[2026-03-21 18:55:34] ErrBnd    : 0.5829 ± 0.0933
[2026-03-21 18:55:34] BestEpoch : 1099.0000 ± 157.0000
[2026-03-21 18:55:34] TrainTimeSec: 542.0577 ± 26.5375
[2026-03-21 18:55:34] ********************Experiment Success********************

[18:55:43] lambda_consistency=1.5
/home/rtx4090/anaconda3/lib/python3.12/site-packages/timm/models/layers/__init__.py:48: FutureWarning: Importing from timm.models.layers is deprecated, please import via timm.layers
  warnings.warn(f"Importing from {__name__} is deprecated, please import via timm.layers", FutureWarning)
2026-03-21 18:55:45 INFO: Totally 1 GPUs are available.
2026-03-21 18:55:45 INFO: Configs: Namespace(seed=2023, dataset='nasbench101', model='model56', device='cuda', do_train=True, data_path='data/nasbench101/all_nasbench101.pt', override_data=False, test_model_type='resnet18', finetuning=False, batch_size=128, percent=100, n_workers=1, parallel=False, embed_type='onehot_op', act_function='relu', class_token=True, depth_embed=True, encoder_type='nn', enc_dim=96, in_chans=32, d_model=180, dropout=0.1, gcn_layers=10, pool_gnn_layers=2, num_pooling=1, pool_ratio=0.25, graph_readout='att', graph_d_model=160, graph_d_ff=640, graph_n_head=6, depths=[12], drop_path_rate=0.0, tf_layers=3, use_head=0, avg_tokens=False, use_aux_loss=0, opt='adamw', opt_eps=None, opt_betas=None, momentum=0.9, weight_decay=0.01, sched='cosine', lr=0.0001, lr_cycle_mul=1.0, min_ratio=0.1, decay_rate=0.1, warmup_lr=1e-06, warmup_epochs=5, lr_cycle_limit=1, epochs=3000, resume='', save_path='results/model56/nasbench101/model56_100/', save_epoch_freq=1000, pretrained_path=None, print_freq=10000, patience=1500, lambda_mse=1.0, lambda_rank=1.0, lambda_consistency=1.5, rank_loss_type='l1', rank_alpha=10.0, test_freq=1, tqdm=0, try_exp=-1, rounds=2, debug=0)
2026-03-21 18:55:45 INFO: Building dataset train from .pth file
2026-03-21 18:56:20 INFO: Finish Loading dataset train; Number of sample groups: 100; Total samples: 200; Time: 35.16s
2026-03-21 18:56:20 INFO: Building dataset val from .pth file
2026-03-21 18:56:20 INFO: Finish Loading dataset val; Number of samples: 1024; Time: 0.09s
[1;31mdataset__nasbench101|model__model56|dmodel__180|embedtype__onehot_op|gcnlayers__10|graphnhead__6|graphreadout__att|lambdaconsistency__1.5|lambdamse__1.0|lambdarank__1.0|percent__100|ranklosstype__l1[0m
Loaded split field index from data/nasbench101/all_nasbench101_onehot_op.index.pt (423624 samples)
Loaded split field adj from data/nasbench101/all_nasbench101_onehot_op.adj.pt (423624 samples)
Loaded split field ops from data/nasbench101/all_nasbench101_onehot_op.ops.pt (423624 samples)
Loaded split field validation_accuracy from data/nasbench101/all_nasbench101_onehot_op.validation_accuracy.pt (423624 samples)
Loaded split field test_accuracy from data/nasbench101/all_nasbench101_onehot_op.test_accuracy.pt (423624 samples)
Loaded split field code from data/nasbench101/all_nasbench101_onehot_op.code.pt (423624 samples)
Loaded split field code_rel_pos from data/nasbench101/all_nasbench101_onehot_op.code_rel_pos.pt (423624 samples)
Loaded split field code_depth from data/nasbench101/all_nasbench101_onehot_op.code_depth.pt (423624 samples)
Loaded split field op_depth_raw from data/nasbench101/all_nasbench101_onehot_op.op_depth_raw.pt (423624 samples)
Loaded split field op_depth from data/nasbench101/all_nasbench101_onehot_op.op_depth.pt (423624 samples)
Loaded split field distance from data/nasbench101/all_nasbench101_onehot_op.distance.pt (423624 samples)
Loaded split field in_degree from data/nasbench101/all_nasbench101_onehot_op.in_degree.pt (423624 samples)
Loaded split field out_degree from data/nasbench101/all_nasbench101_onehot_op.out_degree.pt (423624 samples)
Loaded split field dir_pe_rw from data/nasbench101/all_nasbench101_onehot_op.dir_pe_rw.pt (423624 samples)
Loaded split field dir_pe_ml from data/nasbench101/all_nasbench101_onehot_op.dir_pe_ml.pt (423624 samples)
Data cached to ./data/nasbench101/nasbench101_1.5/train_100_onehot_op_cached_data.pth
Loading cached data from ./data/nasbench101/nasbench101_0/val_100_onehot_op_cached_data.pth
Model : model56
warmup steps: 600.0
2026-03-21 19:05:08 INFO: Early stopping at epoch 2565 | Best KT:0.71374 MAPE:0.02815 ErrB:0.49805
2026-03-21 19:05:09 INFO: Saved tau curve to ./results/tau/20260321190509_model56_100.pdf
2026-03-21 19:05:09 INFO: Training Finished | Best KT 0.71374 | Best MAPE  0.02815140 | Best ErrB  0.49804688
2026-03-21 19:05:09 INFO: Building dataset test from .pth file
2026-03-21 19:06:06 INFO: Finish Loading dataset test; Number of sample groups: 423624; Total samples: 6354360; Time: 57.14s
Using in-memory split cache for data/nasbench101/all_nasbench101_onehot_op.pt
Data cached to ./data/nasbench101/nasbench101_1.5/test_100_onehot_op_cached_data.pth
Model : model56
Namespace(seed=2023, dataset='nasbench101', model='model56', device='cuda', do_train=True, data_path='data/nasbench101/all_nasbench101_onehot_op.pt', override_data=False, test_model_type='resnet18', finetuning=False, batch_size=128, percent=100, n_workers=1, parallel=False, embed_type='onehot_op', act_function='relu', class_token=True, depth_embed=True, encoder_type='nn', enc_dim=96, in_chans=32, d_model=180, dropout=0.1, gcn_layers=10, pool_gnn_layers=2, num_pooling=1, pool_ratio=0.25, graph_readout='att', graph_d_model=160, graph_d_ff=640, graph_n_head=6, depths=[12], drop_path_rate=0.0, tf_layers=3, use_head=0, avg_tokens=False, use_aux_loss=0, opt='adamw', opt_eps=None, opt_betas=None, momentum=0.9, weight_decay=0.01, sched='cosine', lr=0.0001, lr_cycle_mul=1.0, min_ratio=0.1, decay_rate=0.1, warmup_lr=1e-06, warmup_epochs=5, lr_cycle_limit=1, epochs=3000, resume='', save_path='results/model56/nasbench101/model56_100/', save_epoch_freq=1000, pretrained_path=None, print_freq=10000, patience=1500, lambda_mse=1.0, lambda_rank=1.0, lambda_consistency=1.5, rank_loss_type='l1', rank_alpha=10.0, test_freq=1, tqdm=0, try_exp=-1, rounds=2, debug=0)
2026-03-21 19:06:51 INFO: [EVAL-best]  TrainKT  0.71374 | KT  0.70215, MAPE  0.03489, ErrBnd(0.01)  0.50964
2026-03-21 19:06:51 INFO: Totally 1 GPUs are available.
2026-03-21 19:06:51 INFO: Configs: Namespace(seed=2023, dataset='nasbench101', model='model56', device='cuda', do_train=True, data_path='data/nasbench101/all_nasbench101.pt', override_data=False, test_model_type='resnet18', finetuning=False, batch_size=128, percent=100, n_workers=1, parallel=False, embed_type='onehot_op', act_function='relu', class_token=True, depth_embed=True, encoder_type='nn', enc_dim=96, in_chans=32, d_model=180, dropout=0.1, gcn_layers=10, pool_gnn_layers=2, num_pooling=1, pool_ratio=0.25, graph_readout='att', graph_d_model=160, graph_d_ff=640, graph_n_head=6, depths=[12], drop_path_rate=0.0, tf_layers=3, use_head=0, avg_tokens=False, use_aux_loss=0, opt='adamw', opt_eps=None, opt_betas=None, momentum=0.9, weight_decay=0.01, sched='cosine', lr=0.0001, lr_cycle_mul=1.0, min_ratio=0.1, decay_rate=0.1, warmup_lr=1e-06, warmup_epochs=5, lr_cycle_limit=1, epochs=3000, resume='', save_path='results/model56/nasbench101/model56_100/', save_epoch_freq=1000, pretrained_path=None, print_freq=10000, patience=1500, lambda_mse=1.0, lambda_rank=1.0, lambda_consistency=1.5, rank_loss_type='l1', rank_alpha=10.0, test_freq=1, tqdm=0, try_exp=-1, rounds=2, debug=0)
2026-03-21 19:06:51 INFO: Building dataset train from .pth file
2026-03-21 19:06:51 INFO: Finish Loading dataset train; Number of sample groups: 100; Total samples: 200; Time: 0.01s
2026-03-21 19:06:51 INFO: Building dataset val from .pth file
2026-03-21 19:06:51 INFO: Finish Loading dataset val; Number of samples: 1024; Time: 0.08s
Loading cached data from ./data/nasbench101/nasbench101_1.5/train_100_onehot_op_cached_data.pth
Loading cached data from ./data/nasbench101/nasbench101_0/val_100_onehot_op_cached_data.pth
Model : model56
warmup steps: 600.0
2026-03-21 19:17:20 INFO: Saved tau curve to ./results/tau/20260321191720_model56_100.pdf
2026-03-21 19:17:20 INFO: Training Finished | Best KT 0.70976 | Best MAPE  0.02783250 | Best ErrB  0.53320312
2026-03-21 19:17:20 INFO: Building dataset test from .pth file
2026-03-21 19:18:04 INFO: Finish Loading dataset test; Number of sample groups: 423624; Total samples: 6354360; Time: 44.13s
Loading cached data from ./data/nasbench101/nasbench101_1.5/test_100_onehot_op_cached_data.pth
Model : model56
Namespace(seed=2023, dataset='nasbench101', model='model56', device='cuda', do_train=True, data_path='data/nasbench101/all_nasbench101_onehot_op.pt', override_data=False, test_model_type='resnet18', finetuning=False, batch_size=128, percent=100, n_workers=1, parallel=False, embed_type='onehot_op', act_function='relu', class_token=True, depth_embed=True, encoder_type='nn', enc_dim=96, in_chans=32, d_model=180, dropout=0.1, gcn_layers=10, pool_gnn_layers=2, num_pooling=1, pool_ratio=0.25, graph_readout='att', graph_d_model=160, graph_d_ff=640, graph_n_head=6, depths=[12], drop_path_rate=0.0, tf_layers=3, use_head=0, avg_tokens=False, use_aux_loss=0, opt='adamw', opt_eps=None, opt_betas=None, momentum=0.9, weight_decay=0.01, sched='cosine', lr=0.0001, lr_cycle_mul=1.0, min_ratio=0.1, decay_rate=0.1, warmup_lr=1e-06, warmup_epochs=5, lr_cycle_limit=1, epochs=3000, resume='', save_path='results/model56/nasbench101/model56_100/', save_epoch_freq=1000, pretrained_path=None, print_freq=10000, patience=1500, lambda_mse=1.0, lambda_rank=1.0, lambda_consistency=1.5, rank_loss_type='l1', rank_alpha=10.0, test_freq=1, tqdm=0, try_exp=-1, rounds=2, debug=0)
2026-03-21 19:18:50 INFO: [EVAL-best]  TrainKT  0.70976 | KT  0.69629, MAPE  0.03514, ErrBnd(0.01)  0.52843
[2026-03-21 19:18:53] ********************Experiment Results********************
[2026-03-21 19:18:53] log Filename: dataset__nasbench101|model__model56|dmodel__180|embedtype__onehot_op|gcnlayers__10|graphnhead__6|graphreadout__att|lambdaconsistency__1.5|lambdamse__1.0|lambdarank__1.0|percent__100|ranklosstype__l1
[2026-03-21 19:18:53] Experiment Detail: dataset : nasbench101, model : model56, d_model : 180, embed_type : onehot_op, gcn_layers : 10, graph_n_head : 6, graph_readout : att, lambda_consistency : 1.5, lambda_mse : 1.0, lambda_rank : 1.0, percent : 100, rank_loss_type : l1
[2026-03-21 19:18:53] ------------------------------------------------------------
[2026-03-21 19:18:53] train_tau : 0.7118 ± 0.0020
[2026-03-21 19:18:53] Tau       : 0.6992 ± 0.0029
[2026-03-21 19:18:53] MAPE      : 0.0350 ± 0.0001
[2026-03-21 19:18:53] ErrBnd    : 0.5190 ± 0.0094
[2026-03-21 19:18:53] BestEpoch : 1302.0000 ± 237.0000
[2026-03-21 19:18:53] TrainTimeSec: 578.4952 ± 50.0975
[2026-03-21 19:18:53] ********************Experiment Success********************

[19:19:02] lambda_consistency=2.0
/home/rtx4090/anaconda3/lib/python3.12/site-packages/timm/models/layers/__init__.py:48: FutureWarning: Importing from timm.models.layers is deprecated, please import via timm.layers
  warnings.warn(f"Importing from {__name__} is deprecated, please import via timm.layers", FutureWarning)
2026-03-21 19:19:04 INFO: Totally 1 GPUs are available.
2026-03-21 19:19:04 INFO: Configs: Namespace(seed=2023, dataset='nasbench101', model='model56', device='cuda', do_train=True, data_path='data/nasbench101/all_nasbench101.pt', override_data=False, test_model_type='resnet18', finetuning=False, batch_size=128, percent=100, n_workers=1, parallel=False, embed_type='onehot_op', act_function='relu', class_token=True, depth_embed=True, encoder_type='nn', enc_dim=96, in_chans=32, d_model=180, dropout=0.1, gcn_layers=10, pool_gnn_layers=2, num_pooling=1, pool_ratio=0.25, graph_readout='att', graph_d_model=160, graph_d_ff=640, graph_n_head=6, depths=[12], drop_path_rate=0.0, tf_layers=3, use_head=0, avg_tokens=False, use_aux_loss=0, opt='adamw', opt_eps=None, opt_betas=None, momentum=0.9, weight_decay=0.01, sched='cosine', lr=0.0001, lr_cycle_mul=1.0, min_ratio=0.1, decay_rate=0.1, warmup_lr=1e-06, warmup_epochs=5, lr_cycle_limit=1, epochs=3000, resume='', save_path='results/model56/nasbench101/model56_100/', save_epoch_freq=1000, pretrained_path=None, print_freq=10000, patience=1500, lambda_mse=1.0, lambda_rank=1.0, lambda_consistency=2.0, rank_loss_type='l1', rank_alpha=10.0, test_freq=1, tqdm=0, try_exp=-1, rounds=2, debug=0)
2026-03-21 19:19:04 INFO: Building dataset train from .pth file
2026-03-21 19:19:04 INFO: Finish Loading dataset train; Number of sample groups: 100; Total samples: 200; Time: 0.01s
2026-03-21 19:19:04 INFO: Building dataset val from .pth file
2026-03-21 19:19:04 INFO: Finish Loading dataset val; Number of samples: 1024; Time: 0.07s
[1;31mdataset__nasbench101|model__model56|dmodel__180|embedtype__onehot_op|gcnlayers__10|graphnhead__6|graphreadout__att|lambdaconsistency__2.0|lambdamse__1.0|lambdarank__1.0|percent__100|ranklosstype__l1[0m
Loading cached data from ./data/nasbench101/nasbench101_2.0/train_100_onehot_op_cached_data.pth
Loading cached data from ./data/nasbench101/nasbench101_0/val_100_onehot_op_cached_data.pth
Model : model56
warmup steps: 600.0
2026-03-21 19:27:38 INFO: Early stopping at epoch 2480 | Best KT:0.71508 MAPE:0.02891 ErrB:0.48438
2026-03-21 19:27:38 INFO: Saved tau curve to ./results/tau/20260321192738_model56_100.pdf
2026-03-21 19:27:38 INFO: Training Finished | Best KT 0.71508 | Best MAPE  0.02890949 | Best ErrB  0.48437500
2026-03-21 19:27:38 INFO: Building dataset test from .pth file
2026-03-21 19:28:20 INFO: Finish Loading dataset test; Number of sample groups: 423624; Total samples: 6354360; Time: 42.25s
Loading cached data from ./data/nasbench101/nasbench101_2.0/test_100_onehot_op_cached_data.pth
Model : model56
Namespace(seed=2023, dataset='nasbench101', model='model56', device='cuda', do_train=True, data_path='data/nasbench101/all_nasbench101_onehot_op.pt', override_data=False, test_model_type='resnet18', finetuning=False, batch_size=128, percent=100, n_workers=1, parallel=False, embed_type='onehot_op', act_function='relu', class_token=True, depth_embed=True, encoder_type='nn', enc_dim=96, in_chans=32, d_model=180, dropout=0.1, gcn_layers=10, pool_gnn_layers=2, num_pooling=1, pool_ratio=0.25, graph_readout='att', graph_d_model=160, graph_d_ff=640, graph_n_head=6, depths=[12], drop_path_rate=0.0, tf_layers=3, use_head=0, avg_tokens=False, use_aux_loss=0, opt='adamw', opt_eps=None, opt_betas=None, momentum=0.9, weight_decay=0.01, sched='cosine', lr=0.0001, lr_cycle_mul=1.0, min_ratio=0.1, decay_rate=0.1, warmup_lr=1e-06, warmup_epochs=5, lr_cycle_limit=1, epochs=3000, resume='', save_path='results/model56/nasbench101/model56_100/', save_epoch_freq=1000, pretrained_path=None, print_freq=10000, patience=1500, lambda_mse=1.0, lambda_rank=1.0, lambda_consistency=2.0, rank_loss_type='l1', rank_alpha=10.0, test_freq=1, tqdm=0, try_exp=-1, rounds=2, debug=0)
2026-03-21 19:29:07 INFO: [EVAL-best]  TrainKT  0.71508 | KT  0.70333, MAPE  0.03539, ErrBnd(0.01)  0.48654
2026-03-21 19:29:10 INFO: Totally 1 GPUs are available.
2026-03-21 19:29:10 INFO: Configs: Namespace(seed=2023, dataset='nasbench101', model='model56', device='cuda', do_train=True, data_path='data/nasbench101/all_nasbench101.pt', override_data=False, test_model_type='resnet18', finetuning=False, batch_size=128, percent=100, n_workers=1, parallel=False, embed_type='onehot_op', act_function='relu', class_token=True, depth_embed=True, encoder_type='nn', enc_dim=96, in_chans=32, d_model=180, dropout=0.1, gcn_layers=10, pool_gnn_layers=2, num_pooling=1, pool_ratio=0.25, graph_readout='att', graph_d_model=160, graph_d_ff=640, graph_n_head=6, depths=[12], drop_path_rate=0.0, tf_layers=3, use_head=0, avg_tokens=False, use_aux_loss=0, opt='adamw', opt_eps=None, opt_betas=None, momentum=0.9, weight_decay=0.01, sched='cosine', lr=0.0001, lr_cycle_mul=1.0, min_ratio=0.1, decay_rate=0.1, warmup_lr=1e-06, warmup_epochs=5, lr_cycle_limit=1, epochs=3000, resume='', save_path='results/model56/nasbench101/model56_100/', save_epoch_freq=1000, pretrained_path=None, print_freq=10000, patience=1500, lambda_mse=1.0, lambda_rank=1.0, lambda_consistency=2.0, rank_loss_type='l1', rank_alpha=10.0, test_freq=1, tqdm=0, try_exp=-1, rounds=2, debug=0)
2026-03-21 19:29:10 INFO: Building dataset train from .pth file
2026-03-21 19:29:10 INFO: Finish Loading dataset train; Number of sample groups: 100; Total samples: 200; Time: 0.01s
2026-03-21 19:29:10 INFO: Building dataset val from .pth file
2026-03-21 19:29:10 INFO: Finish Loading dataset val; Number of samples: 1024; Time: 0.08s
Loading cached data from ./data/nasbench101/nasbench101_2.0/train_100_onehot_op_cached_data.pth
Loading cached data from ./data/nasbench101/nasbench101_0/val_100_onehot_op_cached_data.pth
Model : model56
warmup steps: 600.0
2026-03-21 19:37:45 INFO: Early stopping at epoch 2469 | Best KT:0.70513 MAPE:0.02473 ErrB:0.66211
2026-03-21 19:37:45 INFO: Saved tau curve to ./results/tau/20260321193745_model56_100.pdf
2026-03-21 19:37:45 INFO: Training Finished | Best KT 0.70513 | Best MAPE  0.02473427 | Best ErrB  0.66210938
2026-03-21 19:37:45 INFO: Building dataset test from .pth file
2026-03-21 19:38:30 INFO: Finish Loading dataset test; Number of sample groups: 423624; Total samples: 6354360; Time: 44.10s
Loading cached data from ./data/nasbench101/nasbench101_2.0/test_100_onehot_op_cached_data.pth
Model : model56
Namespace(seed=2023, dataset='nasbench101', model='model56', device='cuda', do_train=True, data_path='data/nasbench101/all_nasbench101_onehot_op.pt', override_data=False, test_model_type='resnet18', finetuning=False, batch_size=128, percent=100, n_workers=1, parallel=False, embed_type='onehot_op', act_function='relu', class_token=True, depth_embed=True, encoder_type='nn', enc_dim=96, in_chans=32, d_model=180, dropout=0.1, gcn_layers=10, pool_gnn_layers=2, num_pooling=1, pool_ratio=0.25, graph_readout='att', graph_d_model=160, graph_d_ff=640, graph_n_head=6, depths=[12], drop_path_rate=0.0, tf_layers=3, use_head=0, avg_tokens=False, use_aux_loss=0, opt='adamw', opt_eps=None, opt_betas=None, momentum=0.9, weight_decay=0.01, sched='cosine', lr=0.0001, lr_cycle_mul=1.0, min_ratio=0.1, decay_rate=0.1, warmup_lr=1e-06, warmup_epochs=5, lr_cycle_limit=1, epochs=3000, resume='', save_path='results/model56/nasbench101/model56_100/', save_epoch_freq=1000, pretrained_path=None, print_freq=10000, patience=1500, lambda_mse=1.0, lambda_rank=1.0, lambda_consistency=2.0, rank_loss_type='l1', rank_alpha=10.0, test_freq=1, tqdm=0, try_exp=-1, rounds=2, debug=0)
2026-03-21 19:39:14 INFO: [EVAL-best]  TrainKT  0.70513 | KT  0.69330, MAPE  0.03193, ErrBnd(0.01)  0.64210
[2026-03-21 19:39:17] ********************Experiment Results********************
[2026-03-21 19:39:17] log Filename: dataset__nasbench101|model__model56|dmodel__180|embedtype__onehot_op|gcnlayers__10|graphnhead__6|graphreadout__att|lambdaconsistency__2.0|lambdamse__1.0|lambdarank__1.0|percent__100|ranklosstype__l1
[2026-03-21 19:39:17] Experiment Detail: dataset : nasbench101, model : model56, d_model : 180, embed_type : onehot_op, gcn_layers : 10, graph_n_head : 6, graph_readout : att, lambda_consistency : 2.0, lambda_mse : 1.0, lambda_rank : 1.0, percent : 100, rank_loss_type : l1
[2026-03-21 19:39:17] ------------------------------------------------------------
[2026-03-21 19:39:17] train_tau : 0.7101 ± 0.0050
[2026-03-21 19:39:17] Tau       : 0.6983 ± 0.0050
[2026-03-21 19:39:17] MAPE      : 0.0337 ± 0.0017
[2026-03-21 19:39:17] ErrBnd    : 0.5643 ± 0.0778
[2026-03-21 19:39:17] BestEpoch : 974.5000 ± 5.5000
[2026-03-21 19:39:17] TrainTimeSec: 514.6733 ± 0.6746
[2026-03-21 19:39:17] ********************Experiment Success********************

[Stage A] 完成  19:39:18

[Stage B] lambda_rank 精细扫描  (l1, lambda_consistency=1.0)
  19:39:18

[19:39:18] lambda_rank=0.3
/home/rtx4090/anaconda3/lib/python3.12/site-packages/timm/models/layers/__init__.py:48: FutureWarning: Importing from timm.models.layers is deprecated, please import via timm.layers
  warnings.warn(f"Importing from {__name__} is deprecated, please import via timm.layers", FutureWarning)
2026-03-21 19:39:20 INFO: Totally 1 GPUs are available.
2026-03-21 19:39:20 INFO: Configs: Namespace(seed=2023, dataset='nasbench101', model='model56', device='cuda', do_train=True, data_path='data/nasbench101/all_nasbench101.pt', override_data=False, test_model_type='resnet18', finetuning=False, batch_size=128, percent=100, n_workers=1, parallel=False, embed_type='onehot_op', act_function='relu', class_token=True, depth_embed=True, encoder_type='nn', enc_dim=96, in_chans=32, d_model=180, dropout=0.1, gcn_layers=10, pool_gnn_layers=2, num_pooling=1, pool_ratio=0.25, graph_readout='att', graph_d_model=160, graph_d_ff=640, graph_n_head=6, depths=[12], drop_path_rate=0.0, tf_layers=3, use_head=0, avg_tokens=False, use_aux_loss=0, opt='adamw', opt_eps=None, opt_betas=None, momentum=0.9, weight_decay=0.01, sched='cosine', lr=0.0001, lr_cycle_mul=1.0, min_ratio=0.1, decay_rate=0.1, warmup_lr=1e-06, warmup_epochs=5, lr_cycle_limit=1, epochs=3000, resume='', save_path='results/model56/nasbench101/model56_100/', save_epoch_freq=1000, pretrained_path=None, print_freq=10000, patience=1500, lambda_mse=1.0, lambda_rank=0.3, lambda_consistency=1.0, rank_loss_type='l1', rank_alpha=10.0, test_freq=1, tqdm=0, try_exp=-1, rounds=2, debug=0)
2026-03-21 19:39:20 INFO: Building dataset train from .pth file
2026-03-21 19:39:20 INFO: Finish Loading dataset train; Number of sample groups: 100; Total samples: 200; Time: 0.01s
2026-03-21 19:39:20 INFO: Building dataset val from .pth file
2026-03-21 19:39:20 INFO: Finish Loading dataset val; Number of samples: 1024; Time: 0.07s
[1;31mdataset__nasbench101|model__model56|dmodel__180|embedtype__onehot_op|gcnlayers__10|graphnhead__6|graphreadout__att|lambdaconsistency__1.0|lambdamse__1.0|lambdarank__0.3|percent__100|ranklosstype__l1[0m
Loading cached data from ./data/nasbench101/nasbench101_1.0/train_100_onehot_op_cached_data.pth
Loading cached data from ./data/nasbench101/nasbench101_0/val_100_onehot_op_cached_data.pth
Model : model56
warmup steps: 600.0
2026-03-21 19:49:37 INFO: Saved tau curve to ./results/tau/20260321194936_model56_100.pdf
2026-03-21 19:49:37 INFO: Training Finished | Best KT 0.70895 | Best MAPE  0.02778689 | Best ErrB  0.54785156
2026-03-21 19:49:37 INFO: Building dataset test from .pth file
2026-03-21 19:50:20 INFO: Finish Loading dataset test; Number of sample groups: 423624; Total samples: 6354360; Time: 43.17s
Loading cached data from ./data/nasbench101/nasbench101_1.0/test_100_onehot_op_cached_data.pth
Model : model56
Namespace(seed=2023, dataset='nasbench101', model='model56', device='cuda', do_train=True, data_path='data/nasbench101/all_nasbench101_onehot_op.pt', override_data=False, test_model_type='resnet18', finetuning=False, batch_size=128, percent=100, n_workers=1, parallel=False, embed_type='onehot_op', act_function='relu', class_token=True, depth_embed=True, encoder_type='nn', enc_dim=96, in_chans=32, d_model=180, dropout=0.1, gcn_layers=10, pool_gnn_layers=2, num_pooling=1, pool_ratio=0.25, graph_readout='att', graph_d_model=160, graph_d_ff=640, graph_n_head=6, depths=[12], drop_path_rate=0.0, tf_layers=3, use_head=0, avg_tokens=False, use_aux_loss=0, opt='adamw', opt_eps=None, opt_betas=None, momentum=0.9, weight_decay=0.01, sched='cosine', lr=0.0001, lr_cycle_mul=1.0, min_ratio=0.1, decay_rate=0.1, warmup_lr=1e-06, warmup_epochs=5, lr_cycle_limit=1, epochs=3000, resume='', save_path='results/model56/nasbench101/model56_100/', save_epoch_freq=1000, pretrained_path=None, print_freq=10000, patience=1500, lambda_mse=1.0, lambda_rank=0.3, lambda_consistency=1.0, rank_loss_type='l1', rank_alpha=10.0, test_freq=1, tqdm=0, try_exp=-1, rounds=2, debug=0)
2026-03-21 19:51:05 INFO: [EVAL-best]  TrainKT  0.70895 | KT  0.69751, MAPE  0.03444, ErrBnd(0.01)  0.55041
2026-03-21 19:51:08 INFO: Totally 1 GPUs are available.
2026-03-21 19:51:08 INFO: Configs: Namespace(seed=2023, dataset='nasbench101', model='model56', device='cuda', do_train=True, data_path='data/nasbench101/all_nasbench101.pt', override_data=False, test_model_type='resnet18', finetuning=False, batch_size=128, percent=100, n_workers=1, parallel=False, embed_type='onehot_op', act_function='relu', class_token=True, depth_embed=True, encoder_type='nn', enc_dim=96, in_chans=32, d_model=180, dropout=0.1, gcn_layers=10, pool_gnn_layers=2, num_pooling=1, pool_ratio=0.25, graph_readout='att', graph_d_model=160, graph_d_ff=640, graph_n_head=6, depths=[12], drop_path_rate=0.0, tf_layers=3, use_head=0, avg_tokens=False, use_aux_loss=0, opt='adamw', opt_eps=None, opt_betas=None, momentum=0.9, weight_decay=0.01, sched='cosine', lr=0.0001, lr_cycle_mul=1.0, min_ratio=0.1, decay_rate=0.1, warmup_lr=1e-06, warmup_epochs=5, lr_cycle_limit=1, epochs=3000, resume='', save_path='results/model56/nasbench101/model56_100/', save_epoch_freq=1000, pretrained_path=None, print_freq=10000, patience=1500, lambda_mse=1.0, lambda_rank=0.3, lambda_consistency=1.0, rank_loss_type='l1', rank_alpha=10.0, test_freq=1, tqdm=0, try_exp=-1, rounds=2, debug=0)
2026-03-21 19:51:08 INFO: Building dataset train from .pth file
2026-03-21 19:51:08 INFO: Finish Loading dataset train; Number of sample groups: 100; Total samples: 200; Time: 0.01s
2026-03-21 19:51:08 INFO: Building dataset val from .pth file
2026-03-21 19:51:08 INFO: Finish Loading dataset val; Number of samples: 1024; Time: 0.07s
Loading cached data from ./data/nasbench101/nasbench101_1.0/train_100_onehot_op_cached_data.pth
Loading cached data from ./data/nasbench101/nasbench101_0/val_100_onehot_op_cached_data.pth
Model : model56
warmup steps: 600.0
2026-03-21 20:01:29 INFO: Saved tau curve to ./results/tau/20260321200129_model56_100.pdf
2026-03-21 20:01:29 INFO: Training Finished | Best KT 0.71113 | Best MAPE  0.02623102 | Best ErrB  0.59375000
2026-03-21 20:01:29 INFO: Building dataset test from .pth file
2026-03-21 20:02:11 INFO: Finish Loading dataset test; Number of sample groups: 423624; Total samples: 6354360; Time: 42.57s
Loading cached data from ./data/nasbench101/nasbench101_1.0/test_100_onehot_op_cached_data.pth
Model : model56
Namespace(seed=2023, dataset='nasbench101', model='model56', device='cuda', do_train=True, data_path='data/nasbench101/all_nasbench101_onehot_op.pt', override_data=False, test_model_type='resnet18', finetuning=False, batch_size=128, percent=100, n_workers=1, parallel=False, embed_type='onehot_op', act_function='relu', class_token=True, depth_embed=True, encoder_type='nn', enc_dim=96, in_chans=32, d_model=180, dropout=0.1, gcn_layers=10, pool_gnn_layers=2, num_pooling=1, pool_ratio=0.25, graph_readout='att', graph_d_model=160, graph_d_ff=640, graph_n_head=6, depths=[12], drop_path_rate=0.0, tf_layers=3, use_head=0, avg_tokens=False, use_aux_loss=0, opt='adamw', opt_eps=None, opt_betas=None, momentum=0.9, weight_decay=0.01, sched='cosine', lr=0.0001, lr_cycle_mul=1.0, min_ratio=0.1, decay_rate=0.1, warmup_lr=1e-06, warmup_epochs=5, lr_cycle_limit=1, epochs=3000, resume='', save_path='results/model56/nasbench101/model56_100/', save_epoch_freq=1000, pretrained_path=None, print_freq=10000, patience=1500, lambda_mse=1.0, lambda_rank=0.3, lambda_consistency=1.0, rank_loss_type='l1', rank_alpha=10.0, test_freq=1, tqdm=0, try_exp=-1, rounds=2, debug=0)
2026-03-21 20:02:55 INFO: [EVAL-best]  TrainKT  0.71113 | KT  0.69904, MAPE  0.03354, ErrBnd(0.01)  0.59482
[2026-03-21 20:02:58] ********************Experiment Results********************
[2026-03-21 20:02:58] log Filename: dataset__nasbench101|model__model56|dmodel__180|embedtype__onehot_op|gcnlayers__10|graphnhead__6|graphreadout__att|lambdaconsistency__1.0|lambdamse__1.0|lambdarank__0.3|percent__100|ranklosstype__l1
[2026-03-21 20:02:58] Experiment Detail: dataset : nasbench101, model : model56, d_model : 180, embed_type : onehot_op, gcn_layers : 10, graph_n_head : 6, graph_readout : att, lambda_consistency : 1.0, lambda_mse : 1.0, lambda_rank : 0.3, percent : 100, rank_loss_type : l1
[2026-03-21 20:02:58] ------------------------------------------------------------
[2026-03-21 20:02:58] train_tau : 0.7100 ± 0.0011
[2026-03-21 20:02:58] Tau       : 0.6983 ± 0.0008
[2026-03-21 20:02:58] MAPE      : 0.0340 ± 0.0004
[2026-03-21 20:02:58] ErrBnd    : 0.5726 ± 0.0222
[2026-03-21 20:02:58] BestEpoch : 1670.5000 ± 150.5000
[2026-03-21 20:02:58] TrainTimeSec: 618.3716 ± 1.7259
[2026-03-21 20:02:58] ********************Experiment Success********************

[20:02:59] lambda_rank=0.5
/home/rtx4090/anaconda3/lib/python3.12/site-packages/timm/models/layers/__init__.py:48: FutureWarning: Importing from timm.models.layers is deprecated, please import via timm.layers
  warnings.warn(f"Importing from {__name__} is deprecated, please import via timm.layers", FutureWarning)
2026-03-21 20:03:01 INFO: Totally 1 GPUs are available.
2026-03-21 20:03:01 INFO: Configs: Namespace(seed=2023, dataset='nasbench101', model='model56', device='cuda', do_train=True, data_path='data/nasbench101/all_nasbench101.pt', override_data=False, test_model_type='resnet18', finetuning=False, batch_size=128, percent=100, n_workers=1, parallel=False, embed_type='onehot_op', act_function='relu', class_token=True, depth_embed=True, encoder_type='nn', enc_dim=96, in_chans=32, d_model=180, dropout=0.1, gcn_layers=10, pool_gnn_layers=2, num_pooling=1, pool_ratio=0.25, graph_readout='att', graph_d_model=160, graph_d_ff=640, graph_n_head=6, depths=[12], drop_path_rate=0.0, tf_layers=3, use_head=0, avg_tokens=False, use_aux_loss=0, opt='adamw', opt_eps=None, opt_betas=None, momentum=0.9, weight_decay=0.01, sched='cosine', lr=0.0001, lr_cycle_mul=1.0, min_ratio=0.1, decay_rate=0.1, warmup_lr=1e-06, warmup_epochs=5, lr_cycle_limit=1, epochs=3000, resume='', save_path='results/model56/nasbench101/model56_100/', save_epoch_freq=1000, pretrained_path=None, print_freq=10000, patience=1500, lambda_mse=1.0, lambda_rank=0.5, lambda_consistency=1.0, rank_loss_type='l1', rank_alpha=10.0, test_freq=1, tqdm=0, try_exp=-1, rounds=2, debug=0)
2026-03-21 20:03:01 INFO: Building dataset train from .pth file
2026-03-21 20:03:01 INFO: Finish Loading dataset train; Number of sample groups: 100; Total samples: 200; Time: 0.01s
2026-03-21 20:03:01 INFO: Building dataset val from .pth file
2026-03-21 20:03:01 INFO: Finish Loading dataset val; Number of samples: 1024; Time: 0.07s
[1;31mdataset__nasbench101|model__model56|dmodel__180|embedtype__onehot_op|gcnlayers__10|graphnhead__6|graphreadout__att|lambdaconsistency__1.0|lambdamse__1.0|lambdarank__0.5|percent__100|ranklosstype__l1[0m
Loading cached data from ./data/nasbench101/nasbench101_1.0/train_100_onehot_op_cached_data.pth
Loading cached data from ./data/nasbench101/nasbench101_0/val_100_onehot_op_cached_data.pth
Model : model56
warmup steps: 600.0
2026-03-21 20:11:31 INFO: Early stopping at epoch 2481 | Best KT:0.71432 MAPE:0.02656 ErrB:0.60059
2026-03-21 20:11:31 INFO: Saved tau curve to ./results/tau/20260321201131_model56_100.pdf
2026-03-21 20:11:31 INFO: Training Finished | Best KT 0.71432 | Best MAPE  0.02655756 | Best ErrB  0.60058594
2026-03-21 20:11:31 INFO: Building dataset test from .pth file
2026-03-21 20:12:14 INFO: Finish Loading dataset test; Number of sample groups: 423624; Total samples: 6354360; Time: 42.33s
Loading cached data from ./data/nasbench101/nasbench101_1.0/test_100_onehot_op_cached_data.pth
Model : model56
Namespace(seed=2023, dataset='nasbench101', model='model56', device='cuda', do_train=True, data_path='data/nasbench101/all_nasbench101_onehot_op.pt', override_data=False, test_model_type='resnet18', finetuning=False, batch_size=128, percent=100, n_workers=1, parallel=False, embed_type='onehot_op', act_function='relu', class_token=True, depth_embed=True, encoder_type='nn', enc_dim=96, in_chans=32, d_model=180, dropout=0.1, gcn_layers=10, pool_gnn_layers=2, num_pooling=1, pool_ratio=0.25, graph_readout='att', graph_d_model=160, graph_d_ff=640, graph_n_head=6, depths=[12], drop_path_rate=0.0, tf_layers=3, use_head=0, avg_tokens=False, use_aux_loss=0, opt='adamw', opt_eps=None, opt_betas=None, momentum=0.9, weight_decay=0.01, sched='cosine', lr=0.0001, lr_cycle_mul=1.0, min_ratio=0.1, decay_rate=0.1, warmup_lr=1e-06, warmup_epochs=5, lr_cycle_limit=1, epochs=3000, resume='', save_path='results/model56/nasbench101/model56_100/', save_epoch_freq=1000, pretrained_path=None, print_freq=10000, patience=1500, lambda_mse=1.0, lambda_rank=0.5, lambda_consistency=1.0, rank_loss_type='l1', rank_alpha=10.0, test_freq=1, tqdm=0, try_exp=-1, rounds=2, debug=0)
2026-03-21 20:12:59 INFO: [EVAL-best]  TrainKT  0.71432 | KT  0.70312, MAPE  0.03303, ErrBnd(0.01)  0.60572
2026-03-21 20:13:02 INFO: Totally 1 GPUs are available.
2026-03-21 20:13:02 INFO: Configs: Namespace(seed=2023, dataset='nasbench101', model='model56', device='cuda', do_train=True, data_path='data/nasbench101/all_nasbench101.pt', override_data=False, test_model_type='resnet18', finetuning=False, batch_size=128, percent=100, n_workers=1, parallel=False, embed_type='onehot_op', act_function='relu', class_token=True, depth_embed=True, encoder_type='nn', enc_dim=96, in_chans=32, d_model=180, dropout=0.1, gcn_layers=10, pool_gnn_layers=2, num_pooling=1, pool_ratio=0.25, graph_readout='att', graph_d_model=160, graph_d_ff=640, graph_n_head=6, depths=[12], drop_path_rate=0.0, tf_layers=3, use_head=0, avg_tokens=False, use_aux_loss=0, opt='adamw', opt_eps=None, opt_betas=None, momentum=0.9, weight_decay=0.01, sched='cosine', lr=0.0001, lr_cycle_mul=1.0, min_ratio=0.1, decay_rate=0.1, warmup_lr=1e-06, warmup_epochs=5, lr_cycle_limit=1, epochs=3000, resume='', save_path='results/model56/nasbench101/model56_100/', save_epoch_freq=1000, pretrained_path=None, print_freq=10000, patience=1500, lambda_mse=1.0, lambda_rank=0.5, lambda_consistency=1.0, rank_loss_type='l1', rank_alpha=10.0, test_freq=1, tqdm=0, try_exp=-1, rounds=2, debug=0)
2026-03-21 20:13:02 INFO: Building dataset train from .pth file
2026-03-21 20:13:02 INFO: Finish Loading dataset train; Number of sample groups: 100; Total samples: 200; Time: 0.01s
2026-03-21 20:13:02 INFO: Building dataset val from .pth file
2026-03-21 20:13:02 INFO: Finish Loading dataset val; Number of samples: 1024; Time: 0.07s
Loading cached data from ./data/nasbench101/nasbench101_1.0/train_100_onehot_op_cached_data.pth
Loading cached data from ./data/nasbench101/nasbench101_0/val_100_onehot_op_cached_data.pth
Model : model56
warmup steps: 600.0
2026-03-21 20:23:19 INFO: Saved tau curve to ./results/tau/20260321202319_model56_100.pdf
2026-03-21 20:23:19 INFO: Training Finished | Best KT 0.70787 | Best MAPE  0.02555481 | Best ErrB  0.64746094
2026-03-21 20:23:19 INFO: Building dataset test from .pth file
2026-03-21 20:24:01 INFO: Finish Loading dataset test; Number of sample groups: 423624; Total samples: 6354360; Time: 41.89s
Loading cached data from ./data/nasbench101/nasbench101_1.0/test_100_onehot_op_cached_data.pth
Model : model56
Namespace(seed=2023, dataset='nasbench101', model='model56', device='cuda', do_train=True, data_path='data/nasbench101/all_nasbench101_onehot_op.pt', override_data=False, test_model_type='resnet18', finetuning=False, batch_size=128, percent=100, n_workers=1, parallel=False, embed_type='onehot_op', act_function='relu', class_token=True, depth_embed=True, encoder_type='nn', enc_dim=96, in_chans=32, d_model=180, dropout=0.1, gcn_layers=10, pool_gnn_layers=2, num_pooling=1, pool_ratio=0.25, graph_readout='att', graph_d_model=160, graph_d_ff=640, graph_n_head=6, depths=[12], drop_path_rate=0.0, tf_layers=3, use_head=0, avg_tokens=False, use_aux_loss=0, opt='adamw', opt_eps=None, opt_betas=None, momentum=0.9, weight_decay=0.01, sched='cosine', lr=0.0001, lr_cycle_mul=1.0, min_ratio=0.1, decay_rate=0.1, warmup_lr=1e-06, warmup_epochs=5, lr_cycle_limit=1, epochs=3000, resume='', save_path='results/model56/nasbench101/model56_100/', save_epoch_freq=1000, pretrained_path=None, print_freq=10000, patience=1500, lambda_mse=1.0, lambda_rank=0.5, lambda_consistency=1.0, rank_loss_type='l1', rank_alpha=10.0, test_freq=1, tqdm=0, try_exp=-1, rounds=2, debug=0)
2026-03-21 20:24:47 INFO: [EVAL-best]  TrainKT  0.70787 | KT  0.69604, MAPE  0.03270, ErrBnd(0.01)  0.63751
[2026-03-21 20:24:50] ********************Experiment Results********************
[2026-03-21 20:24:50] log Filename: dataset__nasbench101|model__model56|dmodel__180|embedtype__onehot_op|gcnlayers__10|graphnhead__6|graphreadout__att|lambdaconsistency__1.0|lambdamse__1.0|lambdarank__0.5|percent__100|ranklosstype__l1
[2026-03-21 20:24:50] Experiment Detail: dataset : nasbench101, model : model56, d_model : 180, embed_type : onehot_op, gcn_layers : 10, graph_n_head : 6, graph_readout : att, lambda_consistency : 1.0, lambda_mse : 1.0, lambda_rank : 0.5, percent : 100, rank_loss_type : l1
[2026-03-21 20:24:50] ------------------------------------------------------------
[2026-03-21 20:24:50] train_tau : 0.7111 ± 0.0032
[2026-03-21 20:24:50] Tau       : 0.6996 ± 0.0035
[2026-03-21 20:24:50] MAPE      : 0.0329 ± 0.0002
[2026-03-21 20:24:50] ErrBnd    : 0.6216 ± 0.0159
[2026-03-21 20:24:50] BestEpoch : 1251.5000 ± 270.5000
[2026-03-21 20:24:50] TrainTimeSec: 563.3583 ± 53.1223
[2026-03-21 20:24:50] ********************Experiment Success********************

[20:24:51] lambda_rank=0.6
/home/rtx4090/anaconda3/lib/python3.12/site-packages/timm/models/layers/__init__.py:48: FutureWarning: Importing from timm.models.layers is deprecated, please import via timm.layers
  warnings.warn(f"Importing from {__name__} is deprecated, please import via timm.layers", FutureWarning)
2026-03-21 20:24:52 INFO: Totally 1 GPUs are available.
2026-03-21 20:24:52 INFO: Configs: Namespace(seed=2023, dataset='nasbench101', model='model56', device='cuda', do_train=True, data_path='data/nasbench101/all_nasbench101.pt', override_data=False, test_model_type='resnet18', finetuning=False, batch_size=128, percent=100, n_workers=1, parallel=False, embed_type='onehot_op', act_function='relu', class_token=True, depth_embed=True, encoder_type='nn', enc_dim=96, in_chans=32, d_model=180, dropout=0.1, gcn_layers=10, pool_gnn_layers=2, num_pooling=1, pool_ratio=0.25, graph_readout='att', graph_d_model=160, graph_d_ff=640, graph_n_head=6, depths=[12], drop_path_rate=0.0, tf_layers=3, use_head=0, avg_tokens=False, use_aux_loss=0, opt='adamw', opt_eps=None, opt_betas=None, momentum=0.9, weight_decay=0.01, sched='cosine', lr=0.0001, lr_cycle_mul=1.0, min_ratio=0.1, decay_rate=0.1, warmup_lr=1e-06, warmup_epochs=5, lr_cycle_limit=1, epochs=3000, resume='', save_path='results/model56/nasbench101/model56_100/', save_epoch_freq=1000, pretrained_path=None, print_freq=10000, patience=1500, lambda_mse=1.0, lambda_rank=0.6, lambda_consistency=1.0, rank_loss_type='l1', rank_alpha=10.0, test_freq=1, tqdm=0, try_exp=-1, rounds=2, debug=0)
2026-03-21 20:24:52 INFO: Building dataset train from .pth file
2026-03-21 20:24:52 INFO: Finish Loading dataset train; Number of sample groups: 100; Total samples: 200; Time: 0.01s
2026-03-21 20:24:52 INFO: Building dataset val from .pth file
2026-03-21 20:24:53 INFO: Finish Loading dataset val; Number of samples: 1024; Time: 0.07s
[1;31mdataset__nasbench101|model__model56|dmodel__180|embedtype__onehot_op|gcnlayers__10|graphnhead__6|graphreadout__att|lambdaconsistency__1.0|lambdamse__1.0|lambdarank__0.6|percent__100|ranklosstype__l1[0m
Loading cached data from ./data/nasbench101/nasbench101_1.0/train_100_onehot_op_cached_data.pth
Loading cached data from ./data/nasbench101/nasbench101_0/val_100_onehot_op_cached_data.pth
Model : model56
warmup steps: 600.0
2026-03-21 20:33:27 INFO: Early stopping at epoch 2487 | Best KT:0.71876 MAPE:0.02447 ErrB:0.69336
2026-03-21 20:33:27 INFO: Saved tau curve to ./results/tau/20260321203327_model56_100.pdf
2026-03-21 20:33:27 INFO: Training Finished | Best KT 0.71876 | Best MAPE  0.02446975 | Best ErrB  0.69335938
2026-03-21 20:33:27 INFO: Building dataset test from .pth file
2026-03-21 20:34:09 INFO: Finish Loading dataset test; Number of sample groups: 423624; Total samples: 6354360; Time: 41.91s
Loading cached data from ./data/nasbench101/nasbench101_1.0/test_100_onehot_op_cached_data.pth
Model : model56
Namespace(seed=2023, dataset='nasbench101', model='model56', device='cuda', do_train=True, data_path='data/nasbench101/all_nasbench101_onehot_op.pt', override_data=False, test_model_type='resnet18', finetuning=False, batch_size=128, percent=100, n_workers=1, parallel=False, embed_type='onehot_op', act_function='relu', class_token=True, depth_embed=True, encoder_type='nn', enc_dim=96, in_chans=32, d_model=180, dropout=0.1, gcn_layers=10, pool_gnn_layers=2, num_pooling=1, pool_ratio=0.25, graph_readout='att', graph_d_model=160, graph_d_ff=640, graph_n_head=6, depths=[12], drop_path_rate=0.0, tf_layers=3, use_head=0, avg_tokens=False, use_aux_loss=0, opt='adamw', opt_eps=None, opt_betas=None, momentum=0.9, weight_decay=0.01, sched='cosine', lr=0.0001, lr_cycle_mul=1.0, min_ratio=0.1, decay_rate=0.1, warmup_lr=1e-06, warmup_epochs=5, lr_cycle_limit=1, epochs=3000, resume='', save_path='results/model56/nasbench101/model56_100/', save_epoch_freq=1000, pretrained_path=None, print_freq=10000, patience=1500, lambda_mse=1.0, lambda_rank=0.6, lambda_consistency=1.0, rank_loss_type='l1', rank_alpha=10.0, test_freq=1, tqdm=0, try_exp=-1, rounds=2, debug=0)
2026-03-21 20:34:55 INFO: [EVAL-best]  TrainKT  0.71876 | KT  0.70742, MAPE  0.03114, ErrBnd(0.01)  0.68579
2026-03-21 20:34:58 INFO: Totally 1 GPUs are available.
2026-03-21 20:34:58 INFO: Configs: Namespace(seed=2023, dataset='nasbench101', model='model56', device='cuda', do_train=True, data_path='data/nasbench101/all_nasbench101.pt', override_data=False, test_model_type='resnet18', finetuning=False, batch_size=128, percent=100, n_workers=1, parallel=False, embed_type='onehot_op', act_function='relu', class_token=True, depth_embed=True, encoder_type='nn', enc_dim=96, in_chans=32, d_model=180, dropout=0.1, gcn_layers=10, pool_gnn_layers=2, num_pooling=1, pool_ratio=0.25, graph_readout='att', graph_d_model=160, graph_d_ff=640, graph_n_head=6, depths=[12], drop_path_rate=0.0, tf_layers=3, use_head=0, avg_tokens=False, use_aux_loss=0, opt='adamw', opt_eps=None, opt_betas=None, momentum=0.9, weight_decay=0.01, sched='cosine', lr=0.0001, lr_cycle_mul=1.0, min_ratio=0.1, decay_rate=0.1, warmup_lr=1e-06, warmup_epochs=5, lr_cycle_limit=1, epochs=3000, resume='', save_path='results/model56/nasbench101/model56_100/', save_epoch_freq=1000, pretrained_path=None, print_freq=10000, patience=1500, lambda_mse=1.0, lambda_rank=0.6, lambda_consistency=1.0, rank_loss_type='l1', rank_alpha=10.0, test_freq=1, tqdm=0, try_exp=-1, rounds=2, debug=0)
2026-03-21 20:34:58 INFO: Building dataset train from .pth file
2026-03-21 20:34:58 INFO: Finish Loading dataset train; Number of sample groups: 100; Total samples: 200; Time: 0.01s
2026-03-21 20:34:58 INFO: Building dataset val from .pth file
2026-03-21 20:34:58 INFO: Finish Loading dataset val; Number of samples: 1024; Time: 0.07s
Loading cached data from ./data/nasbench101/nasbench101_1.0/train_100_onehot_op_cached_data.pth
Loading cached data from ./data/nasbench101/nasbench101_0/val_100_onehot_op_cached_data.pth
Model : model56
warmup steps: 600.0
2026-03-21 20:45:14 INFO: Saved tau curve to ./results/tau/20260321204514_model56_100.pdf
2026-03-21 20:45:14 INFO: Training Finished | Best KT 0.71137 | Best MAPE  0.02560163 | Best ErrB  0.62988281
2026-03-21 20:45:14 INFO: Building dataset test from .pth file
2026-03-21 20:45:57 INFO: Finish Loading dataset test; Number of sample groups: 423624; Total samples: 6354360; Time: 43.34s
Loading cached data from ./data/nasbench101/nasbench101_1.0/test_100_onehot_op_cached_data.pth
Model : model56
Namespace(seed=2023, dataset='nasbench101', model='model56', device='cuda', do_train=True, data_path='data/nasbench101/all_nasbench101_onehot_op.pt', override_data=False, test_model_type='resnet18', finetuning=False, batch_size=128, percent=100, n_workers=1, parallel=False, embed_type='onehot_op', act_function='relu', class_token=True, depth_embed=True, encoder_type='nn', enc_dim=96, in_chans=32, d_model=180, dropout=0.1, gcn_layers=10, pool_gnn_layers=2, num_pooling=1, pool_ratio=0.25, graph_readout='att', graph_d_model=160, graph_d_ff=640, graph_n_head=6, depths=[12], drop_path_rate=0.0, tf_layers=3, use_head=0, avg_tokens=False, use_aux_loss=0, opt='adamw', opt_eps=None, opt_betas=None, momentum=0.9, weight_decay=0.01, sched='cosine', lr=0.0001, lr_cycle_mul=1.0, min_ratio=0.1, decay_rate=0.1, warmup_lr=1e-06, warmup_epochs=5, lr_cycle_limit=1, epochs=3000, resume='', save_path='results/model56/nasbench101/model56_100/', save_epoch_freq=1000, pretrained_path=None, print_freq=10000, patience=1500, lambda_mse=1.0, lambda_rank=0.6, lambda_consistency=1.0, rank_loss_type='l1', rank_alpha=10.0, test_freq=1, tqdm=0, try_exp=-1, rounds=2, debug=0)
2026-03-21 20:46:41 INFO: [EVAL-best]  TrainKT  0.71137 | KT  0.69813, MAPE  0.03285, ErrBnd(0.01)  0.63074
[2026-03-21 20:46:44] ********************Experiment Results********************
[2026-03-21 20:46:44] log Filename: dataset__nasbench101|model__model56|dmodel__180|embedtype__onehot_op|gcnlayers__10|graphnhead__6|graphreadout__att|lambdaconsistency__1.0|lambdamse__1.0|lambdarank__0.6|percent__100|ranklosstype__l1
[2026-03-21 20:46:44] Experiment Detail: dataset : nasbench101, model : model56, d_model : 180, embed_type : onehot_op, gcn_layers : 10, graph_n_head : 6, graph_readout : att, lambda_consistency : 1.0, lambda_mse : 1.0, lambda_rank : 0.6, percent : 100, rank_loss_type : l1
[2026-03-21 20:46:44] ------------------------------------------------------------
[2026-03-21 20:46:44] train_tau : 0.7151 ± 0.0037
[2026-03-21 20:46:44] Tau       : 0.7028 ± 0.0046
[2026-03-21 20:46:44] MAPE      : 0.0320 ± 0.0009
[2026-03-21 20:46:44] ErrBnd    : 0.6583 ± 0.0275
[2026-03-21 20:46:44] BestEpoch : 1490.5000 ± 503.5000
[2026-03-21 20:46:44] TrainTimeSec: 565.1117 ± 50.6785
[2026-03-21 20:46:44] ********************Experiment Success********************

[20:46:45] lambda_rank=0.7
/home/rtx4090/anaconda3/lib/python3.12/site-packages/timm/models/layers/__init__.py:48: FutureWarning: Importing from timm.models.layers is deprecated, please import via timm.layers
  warnings.warn(f"Importing from {__name__} is deprecated, please import via timm.layers", FutureWarning)
2026-03-21 20:46:47 INFO: Totally 1 GPUs are available.
2026-03-21 20:46:47 INFO: Configs: Namespace(seed=2023, dataset='nasbench101', model='model56', device='cuda', do_train=True, data_path='data/nasbench101/all_nasbench101.pt', override_data=False, test_model_type='resnet18', finetuning=False, batch_size=128, percent=100, n_workers=1, parallel=False, embed_type='onehot_op', act_function='relu', class_token=True, depth_embed=True, encoder_type='nn', enc_dim=96, in_chans=32, d_model=180, dropout=0.1, gcn_layers=10, pool_gnn_layers=2, num_pooling=1, pool_ratio=0.25, graph_readout='att', graph_d_model=160, graph_d_ff=640, graph_n_head=6, depths=[12], drop_path_rate=0.0, tf_layers=3, use_head=0, avg_tokens=False, use_aux_loss=0, opt='adamw', opt_eps=None, opt_betas=None, momentum=0.9, weight_decay=0.01, sched='cosine', lr=0.0001, lr_cycle_mul=1.0, min_ratio=0.1, decay_rate=0.1, warmup_lr=1e-06, warmup_epochs=5, lr_cycle_limit=1, epochs=3000, resume='', save_path='results/model56/nasbench101/model56_100/', save_epoch_freq=1000, pretrained_path=None, print_freq=10000, patience=1500, lambda_mse=1.0, lambda_rank=0.7, lambda_consistency=1.0, rank_loss_type='l1', rank_alpha=10.0, test_freq=1, tqdm=0, try_exp=-1, rounds=2, debug=0)
2026-03-21 20:46:47 INFO: Building dataset train from .pth file
2026-03-21 20:46:47 INFO: Finish Loading dataset train; Number of sample groups: 100; Total samples: 200; Time: 0.01s
2026-03-21 20:46:47 INFO: Building dataset val from .pth file
2026-03-21 20:46:47 INFO: Finish Loading dataset val; Number of samples: 1024; Time: 0.07s
[1;31mdataset__nasbench101|model__model56|dmodel__180|embedtype__onehot_op|gcnlayers__10|graphnhead__6|graphreadout__att|lambdaconsistency__1.0|lambdamse__1.0|lambdarank__0.7|percent__100|ranklosstype__l1[0m
Loading cached data from ./data/nasbench101/nasbench101_1.0/train_100_onehot_op_cached_data.pth
Loading cached data from ./data/nasbench101/nasbench101_0/val_100_onehot_op_cached_data.pth
Model : model56
warmup steps: 600.0
2026-03-21 20:55:34 INFO: Early stopping at epoch 2563 | Best KT:0.71643 MAPE:0.02827 ErrB:0.50293
2026-03-21 20:55:34 INFO: Saved tau curve to ./results/tau/20260321205534_model56_100.pdf
2026-03-21 20:55:34 INFO: Training Finished | Best KT 0.71643 | Best MAPE  0.02826874 | Best ErrB  0.50292969
2026-03-21 20:55:34 INFO: Building dataset test from .pth file
2026-03-21 20:56:17 INFO: Finish Loading dataset test; Number of sample groups: 423624; Total samples: 6354360; Time: 42.45s
Loading cached data from ./data/nasbench101/nasbench101_1.0/test_100_onehot_op_cached_data.pth
Model : model56
Namespace(seed=2023, dataset='nasbench101', model='model56', device='cuda', do_train=True, data_path='data/nasbench101/all_nasbench101_onehot_op.pt', override_data=False, test_model_type='resnet18', finetuning=False, batch_size=128, percent=100, n_workers=1, parallel=False, embed_type='onehot_op', act_function='relu', class_token=True, depth_embed=True, encoder_type='nn', enc_dim=96, in_chans=32, d_model=180, dropout=0.1, gcn_layers=10, pool_gnn_layers=2, num_pooling=1, pool_ratio=0.25, graph_readout='att', graph_d_model=160, graph_d_ff=640, graph_n_head=6, depths=[12], drop_path_rate=0.0, tf_layers=3, use_head=0, avg_tokens=False, use_aux_loss=0, opt='adamw', opt_eps=None, opt_betas=None, momentum=0.9, weight_decay=0.01, sched='cosine', lr=0.0001, lr_cycle_mul=1.0, min_ratio=0.1, decay_rate=0.1, warmup_lr=1e-06, warmup_epochs=5, lr_cycle_limit=1, epochs=3000, resume='', save_path='results/model56/nasbench101/model56_100/', save_epoch_freq=1000, pretrained_path=None, print_freq=10000, patience=1500, lambda_mse=1.0, lambda_rank=0.7, lambda_consistency=1.0, rank_loss_type='l1', rank_alpha=10.0, test_freq=1, tqdm=0, try_exp=-1, rounds=2, debug=0)
2026-03-21 20:57:00 INFO: [EVAL-best]  TrainKT  0.71643 | KT  0.70336, MAPE  0.03494, ErrBnd(0.01)  0.50538
2026-03-21 20:57:03 INFO: Totally 1 GPUs are available.
2026-03-21 20:57:03 INFO: Configs: Namespace(seed=2023, dataset='nasbench101', model='model56', device='cuda', do_train=True, data_path='data/nasbench101/all_nasbench101.pt', override_data=False, test_model_type='resnet18', finetuning=False, batch_size=128, percent=100, n_workers=1, parallel=False, embed_type='onehot_op', act_function='relu', class_token=True, depth_embed=True, encoder_type='nn', enc_dim=96, in_chans=32, d_model=180, dropout=0.1, gcn_layers=10, pool_gnn_layers=2, num_pooling=1, pool_ratio=0.25, graph_readout='att', graph_d_model=160, graph_d_ff=640, graph_n_head=6, depths=[12], drop_path_rate=0.0, tf_layers=3, use_head=0, avg_tokens=False, use_aux_loss=0, opt='adamw', opt_eps=None, opt_betas=None, momentum=0.9, weight_decay=0.01, sched='cosine', lr=0.0001, lr_cycle_mul=1.0, min_ratio=0.1, decay_rate=0.1, warmup_lr=1e-06, warmup_epochs=5, lr_cycle_limit=1, epochs=3000, resume='', save_path='results/model56/nasbench101/model56_100/', save_epoch_freq=1000, pretrained_path=None, print_freq=10000, patience=1500, lambda_mse=1.0, lambda_rank=0.7, lambda_consistency=1.0, rank_loss_type='l1', rank_alpha=10.0, test_freq=1, tqdm=0, try_exp=-1, rounds=2, debug=0)
2026-03-21 20:57:03 INFO: Building dataset train from .pth file
2026-03-21 20:57:03 INFO: Finish Loading dataset train; Number of sample groups: 100; Total samples: 200; Time: 0.01s
2026-03-21 20:57:03 INFO: Building dataset val from .pth file
2026-03-21 20:57:03 INFO: Finish Loading dataset val; Number of samples: 1024; Time: 0.07s
Loading cached data from ./data/nasbench101/nasbench101_1.0/train_100_onehot_op_cached_data.pth
Loading cached data from ./data/nasbench101/nasbench101_0/val_100_onehot_op_cached_data.pth
Model : model56
warmup steps: 600.0
2026-03-21 21:07:26 INFO: Saved tau curve to ./results/tau/20260321210726_model56_100.pdf
2026-03-21 21:07:26 INFO: Training Finished | Best KT 0.71275 | Best MAPE  0.02554015 | Best ErrB  0.62597656
2026-03-21 21:07:26 INFO: Building dataset test from .pth file
2026-03-21 21:08:07 INFO: Finish Loading dataset test; Number of sample groups: 423624; Total samples: 6354360; Time: 41.18s
Loading cached data from ./data/nasbench101/nasbench101_1.0/test_100_onehot_op_cached_data.pth
Model : model56
Namespace(seed=2023, dataset='nasbench101', model='model56', device='cuda', do_train=True, data_path='data/nasbench101/all_nasbench101_onehot_op.pt', override_data=False, test_model_type='resnet18', finetuning=False, batch_size=128, percent=100, n_workers=1, parallel=False, embed_type='onehot_op', act_function='relu', class_token=True, depth_embed=True, encoder_type='nn', enc_dim=96, in_chans=32, d_model=180, dropout=0.1, gcn_layers=10, pool_gnn_layers=2, num_pooling=1, pool_ratio=0.25, graph_readout='att', graph_d_model=160, graph_d_ff=640, graph_n_head=6, depths=[12], drop_path_rate=0.0, tf_layers=3, use_head=0, avg_tokens=False, use_aux_loss=0, opt='adamw', opt_eps=None, opt_betas=None, momentum=0.9, weight_decay=0.01, sched='cosine', lr=0.0001, lr_cycle_mul=1.0, min_ratio=0.1, decay_rate=0.1, warmup_lr=1e-06, warmup_epochs=5, lr_cycle_limit=1, epochs=3000, resume='', save_path='results/model56/nasbench101/model56_100/', save_epoch_freq=1000, pretrained_path=None, print_freq=10000, patience=1500, lambda_mse=1.0, lambda_rank=0.7, lambda_consistency=1.0, rank_loss_type='l1', rank_alpha=10.0, test_freq=1, tqdm=0, try_exp=-1, rounds=2, debug=0)
2026-03-21 21:08:54 INFO: [EVAL-best]  TrainKT  0.71275 | KT  0.69695, MAPE  0.03291, ErrBnd(0.01)  0.62695
[2026-03-21 21:08:56] ********************Experiment Results********************
[2026-03-21 21:08:56] log Filename: dataset__nasbench101|model__model56|dmodel__180|embedtype__onehot_op|gcnlayers__10|graphnhead__6|graphreadout__att|lambdaconsistency__1.0|lambdamse__1.0|lambdarank__0.7|percent__100|ranklosstype__l1
[2026-03-21 21:08:56] Experiment Detail: dataset : nasbench101, model : model56, d_model : 180, embed_type : onehot_op, gcn_layers : 10, graph_n_head : 6, graph_readout : att, lambda_consistency : 1.0, lambda_mse : 1.0, lambda_rank : 0.7, percent : 100, rank_loss_type : l1
[2026-03-21 21:08:56] ------------------------------------------------------------
[2026-03-21 21:08:56] train_tau : 0.7146 ± 0.0018
[2026-03-21 21:08:56] Tau       : 0.7002 ± 0.0032
[2026-03-21 21:08:56] MAPE      : 0.0339 ± 0.0010
[2026-03-21 21:08:56] ErrBnd    : 0.5662 ± 0.0608
[2026-03-21 21:08:56] BestEpoch : 1401.5000 ± 338.5000
[2026-03-21 21:08:56] TrainTimeSec: 575.2306 ± 47.8870
[2026-03-21 21:08:56] ********************Experiment Success********************

[21:08:57] lambda_rank=0.9
/home/rtx4090/anaconda3/lib/python3.12/site-packages/timm/models/layers/__init__.py:48: FutureWarning: Importing from timm.models.layers is deprecated, please import via timm.layers
  warnings.warn(f"Importing from {__name__} is deprecated, please import via timm.layers", FutureWarning)
2026-03-21 21:08:59 INFO: Totally 1 GPUs are available.
2026-03-21 21:08:59 INFO: Configs: Namespace(seed=2023, dataset='nasbench101', model='model56', device='cuda', do_train=True, data_path='data/nasbench101/all_nasbench101.pt', override_data=False, test_model_type='resnet18', finetuning=False, batch_size=128, percent=100, n_workers=1, parallel=False, embed_type='onehot_op', act_function='relu', class_token=True, depth_embed=True, encoder_type='nn', enc_dim=96, in_chans=32, d_model=180, dropout=0.1, gcn_layers=10, pool_gnn_layers=2, num_pooling=1, pool_ratio=0.25, graph_readout='att', graph_d_model=160, graph_d_ff=640, graph_n_head=6, depths=[12], drop_path_rate=0.0, tf_layers=3, use_head=0, avg_tokens=False, use_aux_loss=0, opt='adamw', opt_eps=None, opt_betas=None, momentum=0.9, weight_decay=0.01, sched='cosine', lr=0.0001, lr_cycle_mul=1.0, min_ratio=0.1, decay_rate=0.1, warmup_lr=1e-06, warmup_epochs=5, lr_cycle_limit=1, epochs=3000, resume='', save_path='results/model56/nasbench101/model56_100/', save_epoch_freq=1000, pretrained_path=None, print_freq=10000, patience=1500, lambda_mse=1.0, lambda_rank=0.9, lambda_consistency=1.0, rank_loss_type='l1', rank_alpha=10.0, test_freq=1, tqdm=0, try_exp=-1, rounds=2, debug=0)
2026-03-21 21:08:59 INFO: Building dataset train from .pth file
2026-03-21 21:08:59 INFO: Finish Loading dataset train; Number of sample groups: 100; Total samples: 200; Time: 0.01s
2026-03-21 21:08:59 INFO: Building dataset val from .pth file
2026-03-21 21:08:59 INFO: Finish Loading dataset val; Number of samples: 1024; Time: 0.07s
[1;31mdataset__nasbench101|model__model56|dmodel__180|embedtype__onehot_op|gcnlayers__10|graphnhead__6|graphreadout__att|lambdaconsistency__1.0|lambdamse__1.0|lambdarank__0.9|percent__100|ranklosstype__l1[0m
Loading cached data from ./data/nasbench101/nasbench101_1.0/train_100_onehot_op_cached_data.pth
Loading cached data from ./data/nasbench101/nasbench101_0/val_100_onehot_op_cached_data.pth
Model : model56
warmup steps: 600.0
2026-03-21 21:17:07 INFO: Early stopping at epoch 2282 | Best KT:0.71054 MAPE:0.02754 ErrB:0.55273
2026-03-21 21:17:07 INFO: Saved tau curve to ./results/tau/20260321211707_model56_100.pdf
2026-03-21 21:17:07 INFO: Training Finished | Best KT 0.71054 | Best MAPE  0.02753560 | Best ErrB  0.55273438
2026-03-21 21:17:07 INFO: Building dataset test from .pth file
2026-03-21 21:17:50 INFO: Finish Loading dataset test; Number of sample groups: 423624; Total samples: 6354360; Time: 42.73s
Loading cached data from ./data/nasbench101/nasbench101_1.0/test_100_onehot_op_cached_data.pth
Model : model56
Namespace(seed=2023, dataset='nasbench101', model='model56', device='cuda', do_train=True, data_path='data/nasbench101/all_nasbench101_onehot_op.pt', override_data=False, test_model_type='resnet18', finetuning=False, batch_size=128, percent=100, n_workers=1, parallel=False, embed_type='onehot_op', act_function='relu', class_token=True, depth_embed=True, encoder_type='nn', enc_dim=96, in_chans=32, d_model=180, dropout=0.1, gcn_layers=10, pool_gnn_layers=2, num_pooling=1, pool_ratio=0.25, graph_readout='att', graph_d_model=160, graph_d_ff=640, graph_n_head=6, depths=[12], drop_path_rate=0.0, tf_layers=3, use_head=0, avg_tokens=False, use_aux_loss=0, opt='adamw', opt_eps=None, opt_betas=None, momentum=0.9, weight_decay=0.01, sched='cosine', lr=0.0001, lr_cycle_mul=1.0, min_ratio=0.1, decay_rate=0.1, warmup_lr=1e-06, warmup_epochs=5, lr_cycle_limit=1, epochs=3000, resume='', save_path='results/model56/nasbench101/model56_100/', save_epoch_freq=1000, pretrained_path=None, print_freq=10000, patience=1500, lambda_mse=1.0, lambda_rank=0.9, lambda_consistency=1.0, rank_loss_type='l1', rank_alpha=10.0, test_freq=1, tqdm=0, try_exp=-1, rounds=2, debug=0)
2026-03-21 21:18:33 INFO: [EVAL-best]  TrainKT  0.71054 | KT  0.70101, MAPE  0.03441, ErrBnd(0.01)  0.54559
2026-03-21 21:18:36 INFO: Totally 1 GPUs are available.
2026-03-21 21:18:36 INFO: Configs: Namespace(seed=2023, dataset='nasbench101', model='model56', device='cuda', do_train=True, data_path='data/nasbench101/all_nasbench101.pt', override_data=False, test_model_type='resnet18', finetuning=False, batch_size=128, percent=100, n_workers=1, parallel=False, embed_type='onehot_op', act_function='relu', class_token=True, depth_embed=True, encoder_type='nn', enc_dim=96, in_chans=32, d_model=180, dropout=0.1, gcn_layers=10, pool_gnn_layers=2, num_pooling=1, pool_ratio=0.25, graph_readout='att', graph_d_model=160, graph_d_ff=640, graph_n_head=6, depths=[12], drop_path_rate=0.0, tf_layers=3, use_head=0, avg_tokens=False, use_aux_loss=0, opt='adamw', opt_eps=None, opt_betas=None, momentum=0.9, weight_decay=0.01, sched='cosine', lr=0.0001, lr_cycle_mul=1.0, min_ratio=0.1, decay_rate=0.1, warmup_lr=1e-06, warmup_epochs=5, lr_cycle_limit=1, epochs=3000, resume='', save_path='results/model56/nasbench101/model56_100/', save_epoch_freq=1000, pretrained_path=None, print_freq=10000, patience=1500, lambda_mse=1.0, lambda_rank=0.9, lambda_consistency=1.0, rank_loss_type='l1', rank_alpha=10.0, test_freq=1, tqdm=0, try_exp=-1, rounds=2, debug=0)
2026-03-21 21:18:36 INFO: Building dataset train from .pth file
2026-03-21 21:18:36 INFO: Finish Loading dataset train; Number of sample groups: 100; Total samples: 200; Time: 0.01s
2026-03-21 21:18:36 INFO: Building dataset val from .pth file
2026-03-21 21:18:36 INFO: Finish Loading dataset val; Number of samples: 1024; Time: 0.07s
Loading cached data from ./data/nasbench101/nasbench101_1.0/train_100_onehot_op_cached_data.pth
Loading cached data from ./data/nasbench101/nasbench101_0/val_100_onehot_op_cached_data.pth
Model : model56
warmup steps: 600.0
2026-03-21 21:26:44 INFO: Early stopping at epoch 2276 | Best KT:0.71407 MAPE:0.02685 ErrB:0.57227
2026-03-21 21:26:44 INFO: Saved tau curve to ./results/tau/20260321212644_model56_100.pdf
2026-03-21 21:26:44 INFO: Training Finished | Best KT 0.71407 | Best MAPE  0.02684615 | Best ErrB  0.57226562
2026-03-21 21:26:44 INFO: Building dataset test from .pth file
2026-03-21 21:27:24 INFO: Finish Loading dataset test; Number of sample groups: 423624; Total samples: 6354360; Time: 40.02s
Loading cached data from ./data/nasbench101/nasbench101_1.0/test_100_onehot_op_cached_data.pth
Model : model56
Namespace(seed=2023, dataset='nasbench101', model='model56', device='cuda', do_train=True, data_path='data/nasbench101/all_nasbench101_onehot_op.pt', override_data=False, test_model_type='resnet18', finetuning=False, batch_size=128, percent=100, n_workers=1, parallel=False, embed_type='onehot_op', act_function='relu', class_token=True, depth_embed=True, encoder_type='nn', enc_dim=96, in_chans=32, d_model=180, dropout=0.1, gcn_layers=10, pool_gnn_layers=2, num_pooling=1, pool_ratio=0.25, graph_readout='att', graph_d_model=160, graph_d_ff=640, graph_n_head=6, depths=[12], drop_path_rate=0.0, tf_layers=3, use_head=0, avg_tokens=False, use_aux_loss=0, opt='adamw', opt_eps=None, opt_betas=None, momentum=0.9, weight_decay=0.01, sched='cosine', lr=0.0001, lr_cycle_mul=1.0, min_ratio=0.1, decay_rate=0.1, warmup_lr=1e-06, warmup_epochs=5, lr_cycle_limit=1, epochs=3000, resume='', save_path='results/model56/nasbench101/model56_100/', save_epoch_freq=1000, pretrained_path=None, print_freq=10000, patience=1500, lambda_mse=1.0, lambda_rank=0.9, lambda_consistency=1.0, rank_loss_type='l1', rank_alpha=10.0, test_freq=1, tqdm=0, try_exp=-1, rounds=2, debug=0)
2026-03-21 21:28:11 INFO: [EVAL-best]  TrainKT  0.71407 | KT  0.70123, MAPE  0.03426, ErrBnd(0.01)  0.56212
[2026-03-21 21:28:14] ********************Experiment Results********************
[2026-03-21 21:28:14] log Filename: dataset__nasbench101|model__model56|dmodel__180|embedtype__onehot_op|gcnlayers__10|graphnhead__6|graphreadout__att|lambdaconsistency__1.0|lambdamse__1.0|lambdarank__0.9|percent__100|ranklosstype__l1
[2026-03-21 21:28:14] Experiment Detail: dataset : nasbench101, model : model56, d_model : 180, embed_type : onehot_op, gcn_layers : 10, graph_n_head : 6, graph_readout : att, lambda_consistency : 1.0, lambda_mse : 1.0, lambda_rank : 0.9, percent : 100, rank_loss_type : l1
[2026-03-21 21:28:14] ------------------------------------------------------------
[2026-03-21 21:28:14] train_tau : 0.7123 ± 0.0018
[2026-03-21 21:28:14] Tau       : 0.7011 ± 0.0001
[2026-03-21 21:28:14] MAPE      : 0.0343 ± 0.0001
[2026-03-21 21:28:14] ErrBnd    : 0.5539 ± 0.0083
[2026-03-21 21:28:14] BestEpoch : 779.0000 ± 3.0000
[2026-03-21 21:28:14] TrainTimeSec: 487.6200 ± 0.0704
[2026-03-21 21:28:14] ********************Experiment Success********************

[21:28:15] lambda_rank=1.1
/home/rtx4090/anaconda3/lib/python3.12/site-packages/timm/models/layers/__init__.py:48: FutureWarning: Importing from timm.models.layers is deprecated, please import via timm.layers
  warnings.warn(f"Importing from {__name__} is deprecated, please import via timm.layers", FutureWarning)
2026-03-21 21:28:17 INFO: Totally 1 GPUs are available.
2026-03-21 21:28:17 INFO: Configs: Namespace(seed=2023, dataset='nasbench101', model='model56', device='cuda', do_train=True, data_path='data/nasbench101/all_nasbench101.pt', override_data=False, test_model_type='resnet18', finetuning=False, batch_size=128, percent=100, n_workers=1, parallel=False, embed_type='onehot_op', act_function='relu', class_token=True, depth_embed=True, encoder_type='nn', enc_dim=96, in_chans=32, d_model=180, dropout=0.1, gcn_layers=10, pool_gnn_layers=2, num_pooling=1, pool_ratio=0.25, graph_readout='att', graph_d_model=160, graph_d_ff=640, graph_n_head=6, depths=[12], drop_path_rate=0.0, tf_layers=3, use_head=0, avg_tokens=False, use_aux_loss=0, opt='adamw', opt_eps=None, opt_betas=None, momentum=0.9, weight_decay=0.01, sched='cosine', lr=0.0001, lr_cycle_mul=1.0, min_ratio=0.1, decay_rate=0.1, warmup_lr=1e-06, warmup_epochs=5, lr_cycle_limit=1, epochs=3000, resume='', save_path='results/model56/nasbench101/model56_100/', save_epoch_freq=1000, pretrained_path=None, print_freq=10000, patience=1500, lambda_mse=1.0, lambda_rank=1.1, lambda_consistency=1.0, rank_loss_type='l1', rank_alpha=10.0, test_freq=1, tqdm=0, try_exp=-1, rounds=2, debug=0)
2026-03-21 21:28:17 INFO: Building dataset train from .pth file
2026-03-21 21:28:17 INFO: Finish Loading dataset train; Number of sample groups: 100; Total samples: 200; Time: 0.01s
2026-03-21 21:28:17 INFO: Building dataset val from .pth file
2026-03-21 21:28:17 INFO: Finish Loading dataset val; Number of samples: 1024; Time: 0.07s
[1;31mdataset__nasbench101|model__model56|dmodel__180|embedtype__onehot_op|gcnlayers__10|graphnhead__6|graphreadout__att|lambdaconsistency__1.0|lambdamse__1.0|lambdarank__1.1|percent__100|ranklosstype__l1[0m
Loading cached data from ./data/nasbench101/nasbench101_1.0/train_100_onehot_op_cached_data.pth
Loading cached data from ./data/nasbench101/nasbench101_0/val_100_onehot_op_cached_data.pth
Model : model56
warmup steps: 600.0
2026-03-21 21:37:39 INFO: Early stopping at epoch 2628 | Best KT:0.71233 MAPE:0.02506 ErrB:0.68555
2026-03-21 21:37:39 INFO: Saved tau curve to ./results/tau/20260321213739_model56_100.pdf
2026-03-21 21:37:39 INFO: Training Finished | Best KT 0.71233 | Best MAPE  0.02506056 | Best ErrB  0.68554688
2026-03-21 21:37:39 INFO: Building dataset test from .pth file
2026-03-21 21:38:22 INFO: Finish Loading dataset test; Number of sample groups: 423624; Total samples: 6354360; Time: 43.09s
Loading cached data from ./data/nasbench101/nasbench101_1.0/test_100_onehot_op_cached_data.pth
Model : model56
Namespace(seed=2023, dataset='nasbench101', model='model56', device='cuda', do_train=True, data_path='data/nasbench101/all_nasbench101_onehot_op.pt', override_data=False, test_model_type='resnet18', finetuning=False, batch_size=128, percent=100, n_workers=1, parallel=False, embed_type='onehot_op', act_function='relu', class_token=True, depth_embed=True, encoder_type='nn', enc_dim=96, in_chans=32, d_model=180, dropout=0.1, gcn_layers=10, pool_gnn_layers=2, num_pooling=1, pool_ratio=0.25, graph_readout='att', graph_d_model=160, graph_d_ff=640, graph_n_head=6, depths=[12], drop_path_rate=0.0, tf_layers=3, use_head=0, avg_tokens=False, use_aux_loss=0, opt='adamw', opt_eps=None, opt_betas=None, momentum=0.9, weight_decay=0.01, sched='cosine', lr=0.0001, lr_cycle_mul=1.0, min_ratio=0.1, decay_rate=0.1, warmup_lr=1e-06, warmup_epochs=5, lr_cycle_limit=1, epochs=3000, resume='', save_path='results/model56/nasbench101/model56_100/', save_epoch_freq=1000, pretrained_path=None, print_freq=10000, patience=1500, lambda_mse=1.0, lambda_rank=1.1, lambda_consistency=1.0, rank_loss_type='l1', rank_alpha=10.0, test_freq=1, tqdm=0, try_exp=-1, rounds=2, debug=0)
2026-03-21 21:39:06 INFO: [EVAL-best]  TrainKT  0.71233 | KT  0.70055, MAPE  0.03185, ErrBnd(0.01)  0.66549
2026-03-21 21:39:08 INFO: Totally 1 GPUs are available.
2026-03-21 21:39:08 INFO: Configs: Namespace(seed=2023, dataset='nasbench101', model='model56', device='cuda', do_train=True, data_path='data/nasbench101/all_nasbench101.pt', override_data=False, test_model_type='resnet18', finetuning=False, batch_size=128, percent=100, n_workers=1, parallel=False, embed_type='onehot_op', act_function='relu', class_token=True, depth_embed=True, encoder_type='nn', enc_dim=96, in_chans=32, d_model=180, dropout=0.1, gcn_layers=10, pool_gnn_layers=2, num_pooling=1, pool_ratio=0.25, graph_readout='att', graph_d_model=160, graph_d_ff=640, graph_n_head=6, depths=[12], drop_path_rate=0.0, tf_layers=3, use_head=0, avg_tokens=False, use_aux_loss=0, opt='adamw', opt_eps=None, opt_betas=None, momentum=0.9, weight_decay=0.01, sched='cosine', lr=0.0001, lr_cycle_mul=1.0, min_ratio=0.1, decay_rate=0.1, warmup_lr=1e-06, warmup_epochs=5, lr_cycle_limit=1, epochs=3000, resume='', save_path='results/model56/nasbench101/model56_100/', save_epoch_freq=1000, pretrained_path=None, print_freq=10000, patience=1500, lambda_mse=1.0, lambda_rank=1.1, lambda_consistency=1.0, rank_loss_type='l1', rank_alpha=10.0, test_freq=1, tqdm=0, try_exp=-1, rounds=2, debug=0)
2026-03-21 21:39:08 INFO: Building dataset train from .pth file
2026-03-21 21:39:08 INFO: Finish Loading dataset train; Number of sample groups: 100; Total samples: 200; Time: 0.01s
2026-03-21 21:39:08 INFO: Building dataset val from .pth file
2026-03-21 21:39:08 INFO: Finish Loading dataset val; Number of samples: 1024; Time: 0.07s
Loading cached data from ./data/nasbench101/nasbench101_1.0/train_100_onehot_op_cached_data.pth
Loading cached data from ./data/nasbench101/nasbench101_0/val_100_onehot_op_cached_data.pth
Model : model56
warmup steps: 600.0
2026-03-21 21:48:17 INFO: Early stopping at epoch 2519 | Best KT:0.71473 MAPE:0.02527 ErrB:0.65527
2026-03-21 21:48:17 INFO: Saved tau curve to ./results/tau/20260321214817_model56_100.pdf
2026-03-21 21:48:17 INFO: Training Finished | Best KT 0.71473 | Best MAPE  0.02527013 | Best ErrB  0.65527344
2026-03-21 21:48:17 INFO: Building dataset test from .pth file
2026-03-21 21:48:59 INFO: Finish Loading dataset test; Number of sample groups: 423624; Total samples: 6354360; Time: 41.29s
Loading cached data from ./data/nasbench101/nasbench101_1.0/test_100_onehot_op_cached_data.pth
Model : model56
Namespace(seed=2023, dataset='nasbench101', model='model56', device='cuda', do_train=True, data_path='data/nasbench101/all_nasbench101_onehot_op.pt', override_data=False, test_model_type='resnet18', finetuning=False, batch_size=128, percent=100, n_workers=1, parallel=False, embed_type='onehot_op', act_function='relu', class_token=True, depth_embed=True, encoder_type='nn', enc_dim=96, in_chans=32, d_model=180, dropout=0.1, gcn_layers=10, pool_gnn_layers=2, num_pooling=1, pool_ratio=0.25, graph_readout='att', graph_d_model=160, graph_d_ff=640, graph_n_head=6, depths=[12], drop_path_rate=0.0, tf_layers=3, use_head=0, avg_tokens=False, use_aux_loss=0, opt='adamw', opt_eps=None, opt_betas=None, momentum=0.9, weight_decay=0.01, sched='cosine', lr=0.0001, lr_cycle_mul=1.0, min_ratio=0.1, decay_rate=0.1, warmup_lr=1e-06, warmup_epochs=5, lr_cycle_limit=1, epochs=3000, resume='', save_path='results/model56/nasbench101/model56_100/', save_epoch_freq=1000, pretrained_path=None, print_freq=10000, patience=1500, lambda_mse=1.0, lambda_rank=1.1, lambda_consistency=1.0, rank_loss_type='l1', rank_alpha=10.0, test_freq=1, tqdm=0, try_exp=-1, rounds=2, debug=0)
2026-03-21 21:49:46 INFO: [EVAL-best]  TrainKT  0.71473 | KT  0.70149, MAPE  0.03246, ErrBnd(0.01)  0.64152
[2026-03-21 21:49:48] ********************Experiment Results********************
[2026-03-21 21:49:48] log Filename: dataset__nasbench101|model__model56|dmodel__180|embedtype__onehot_op|gcnlayers__10|graphnhead__6|graphreadout__att|lambdaconsistency__1.0|lambdamse__1.0|lambdarank__1.1|percent__100|ranklosstype__l1
[2026-03-21 21:49:48] Experiment Detail: dataset : nasbench101, model : model56, d_model : 180, embed_type : onehot_op, gcn_layers : 10, graph_n_head : 6, graph_readout : att, lambda_consistency : 1.0, lambda_mse : 1.0, lambda_rank : 1.1, percent : 100, rank_loss_type : l1
[2026-03-21 21:49:48] ------------------------------------------------------------
[2026-03-21 21:49:48] train_tau : 0.7135 ± 0.0012
[2026-03-21 21:49:48] Tau       : 0.7010 ± 0.0005
[2026-03-21 21:49:48] MAPE      : 0.0322 ± 0.0003
[2026-03-21 21:49:48] ErrBnd    : 0.6535 ± 0.0120
[2026-03-21 21:49:48] BestEpoch : 1073.5000 ± 54.5000
[2026-03-21 21:49:48] TrainTimeSec: 555.2883 ± 6.7144
[2026-03-21 21:49:48] ********************Experiment Success********************

[21:49:49] lambda_rank=1.2
/home/rtx4090/anaconda3/lib/python3.12/site-packages/timm/models/layers/__init__.py:48: FutureWarning: Importing from timm.models.layers is deprecated, please import via timm.layers
  warnings.warn(f"Importing from {__name__} is deprecated, please import via timm.layers", FutureWarning)
2026-03-21 21:49:52 INFO: Totally 1 GPUs are available.
2026-03-21 21:49:52 INFO: Configs: Namespace(seed=2023, dataset='nasbench101', model='model56', device='cuda', do_train=True, data_path='data/nasbench101/all_nasbench101.pt', override_data=False, test_model_type='resnet18', finetuning=False, batch_size=128, percent=100, n_workers=1, parallel=False, embed_type='onehot_op', act_function='relu', class_token=True, depth_embed=True, encoder_type='nn', enc_dim=96, in_chans=32, d_model=180, dropout=0.1, gcn_layers=10, pool_gnn_layers=2, num_pooling=1, pool_ratio=0.25, graph_readout='att', graph_d_model=160, graph_d_ff=640, graph_n_head=6, depths=[12], drop_path_rate=0.0, tf_layers=3, use_head=0, avg_tokens=False, use_aux_loss=0, opt='adamw', opt_eps=None, opt_betas=None, momentum=0.9, weight_decay=0.01, sched='cosine', lr=0.0001, lr_cycle_mul=1.0, min_ratio=0.1, decay_rate=0.1, warmup_lr=1e-06, warmup_epochs=5, lr_cycle_limit=1, epochs=3000, resume='', save_path='results/model56/nasbench101/model56_100/', save_epoch_freq=1000, pretrained_path=None, print_freq=10000, patience=1500, lambda_mse=1.0, lambda_rank=1.2, lambda_consistency=1.0, rank_loss_type='l1', rank_alpha=10.0, test_freq=1, tqdm=0, try_exp=-1, rounds=2, debug=0)
2026-03-21 21:49:52 INFO: Building dataset train from .pth file
2026-03-21 21:49:52 INFO: Finish Loading dataset train; Number of sample groups: 100; Total samples: 200; Time: 0.01s
2026-03-21 21:49:52 INFO: Building dataset val from .pth file
2026-03-21 21:49:52 INFO: Finish Loading dataset val; Number of samples: 1024; Time: 0.07s
[1;31mdataset__nasbench101|model__model56|dmodel__180|embedtype__onehot_op|gcnlayers__10|graphnhead__6|graphreadout__att|lambdaconsistency__1.0|lambdamse__1.0|lambdarank__1.2|percent__100|ranklosstype__l1[0m
Loading cached data from ./data/nasbench101/nasbench101_1.0/train_100_onehot_op_cached_data.pth
Loading cached data from ./data/nasbench101/nasbench101_0/val_100_onehot_op_cached_data.pth
Model : model56
warmup steps: 600.0
2026-03-21 21:58:52 INFO: Early stopping at epoch 2492 | Best KT:0.71487 MAPE:0.03231 ErrB:0.32031
2026-03-21 21:58:52 INFO: Saved tau curve to ./results/tau/20260321215852_model56_100.pdf
2026-03-21 21:58:52 INFO: Training Finished | Best KT 0.71487 | Best MAPE  0.03230579 | Best ErrB  0.32031250
2026-03-21 21:58:52 INFO: Building dataset test from .pth file
2026-03-21 21:59:35 INFO: Finish Loading dataset test; Number of sample groups: 423624; Total samples: 6354360; Time: 42.68s
Loading cached data from ./data/nasbench101/nasbench101_1.0/test_100_onehot_op_cached_data.pth
Model : model56
Namespace(seed=2023, dataset='nasbench101', model='model56', device='cuda', do_train=True, data_path='data/nasbench101/all_nasbench101_onehot_op.pt', override_data=False, test_model_type='resnet18', finetuning=False, batch_size=128, percent=100, n_workers=1, parallel=False, embed_type='onehot_op', act_function='relu', class_token=True, depth_embed=True, encoder_type='nn', enc_dim=96, in_chans=32, d_model=180, dropout=0.1, gcn_layers=10, pool_gnn_layers=2, num_pooling=1, pool_ratio=0.25, graph_readout='att', graph_d_model=160, graph_d_ff=640, graph_n_head=6, depths=[12], drop_path_rate=0.0, tf_layers=3, use_head=0, avg_tokens=False, use_aux_loss=0, opt='adamw', opt_eps=None, opt_betas=None, momentum=0.9, weight_decay=0.01, sched='cosine', lr=0.0001, lr_cycle_mul=1.0, min_ratio=0.1, decay_rate=0.1, warmup_lr=1e-06, warmup_epochs=5, lr_cycle_limit=1, epochs=3000, resume='', save_path='results/model56/nasbench101/model56_100/', save_epoch_freq=1000, pretrained_path=None, print_freq=10000, patience=1500, lambda_mse=1.0, lambda_rank=1.2, lambda_consistency=1.0, rank_loss_type='l1', rank_alpha=10.0, test_freq=1, tqdm=0, try_exp=-1, rounds=2, debug=0)
2026-03-21 22:00:21 INFO: [EVAL-best]  TrainKT  0.71487 | KT  0.70337, MAPE  0.03914, ErrBnd(0.01)  0.31218
2026-03-21 22:00:23 INFO: Totally 1 GPUs are available.
2026-03-21 22:00:23 INFO: Configs: Namespace(seed=2023, dataset='nasbench101', model='model56', device='cuda', do_train=True, data_path='data/nasbench101/all_nasbench101.pt', override_data=False, test_model_type='resnet18', finetuning=False, batch_size=128, percent=100, n_workers=1, parallel=False, embed_type='onehot_op', act_function='relu', class_token=True, depth_embed=True, encoder_type='nn', enc_dim=96, in_chans=32, d_model=180, dropout=0.1, gcn_layers=10, pool_gnn_layers=2, num_pooling=1, pool_ratio=0.25, graph_readout='att', graph_d_model=160, graph_d_ff=640, graph_n_head=6, depths=[12], drop_path_rate=0.0, tf_layers=3, use_head=0, avg_tokens=False, use_aux_loss=0, opt='adamw', opt_eps=None, opt_betas=None, momentum=0.9, weight_decay=0.01, sched='cosine', lr=0.0001, lr_cycle_mul=1.0, min_ratio=0.1, decay_rate=0.1, warmup_lr=1e-06, warmup_epochs=5, lr_cycle_limit=1, epochs=3000, resume='', save_path='results/model56/nasbench101/model56_100/', save_epoch_freq=1000, pretrained_path=None, print_freq=10000, patience=1500, lambda_mse=1.0, lambda_rank=1.2, lambda_consistency=1.0, rank_loss_type='l1', rank_alpha=10.0, test_freq=1, tqdm=0, try_exp=-1, rounds=2, debug=0)
2026-03-21 22:00:23 INFO: Building dataset train from .pth file
2026-03-21 22:00:23 INFO: Finish Loading dataset train; Number of sample groups: 100; Total samples: 200; Time: 0.01s
2026-03-21 22:00:23 INFO: Building dataset val from .pth file
2026-03-21 22:00:23 INFO: Finish Loading dataset val; Number of samples: 1024; Time: 0.08s
Loading cached data from ./data/nasbench101/nasbench101_1.0/train_100_onehot_op_cached_data.pth
Loading cached data from ./data/nasbench101/nasbench101_0/val_100_onehot_op_cached_data.pth
Model : model56
warmup steps: 600.0
2026-03-21 22:15:04 INFO: Early stopping at epoch 2519 | Best KT:0.71168 MAPE:0.02664 ErrB:0.58105
2026-03-21 22:15:04 INFO: Saved tau curve to ./results/tau/20260321221504_model56_100.pdf
2026-03-21 22:15:04 INFO: Training Finished | Best KT 0.71168 | Best MAPE  0.02663564 | Best ErrB  0.58105469
2026-03-21 22:15:04 INFO: Building dataset test from .pth file
2026-03-21 22:15:46 INFO: Finish Loading dataset test; Number of sample groups: 423624; Total samples: 6354360; Time: 41.96s
Loading cached data from ./data/nasbench101/nasbench101_1.0/test_100_onehot_op_cached_data.pth
Model : model56
Namespace(seed=2023, dataset='nasbench101', model='model56', device='cuda', do_train=True, data_path='data/nasbench101/all_nasbench101_onehot_op.pt', override_data=False, test_model_type='resnet18', finetuning=False, batch_size=128, percent=100, n_workers=1, parallel=False, embed_type='onehot_op', act_function='relu', class_token=True, depth_embed=True, encoder_type='nn', enc_dim=96, in_chans=32, d_model=180, dropout=0.1, gcn_layers=10, pool_gnn_layers=2, num_pooling=1, pool_ratio=0.25, graph_readout='att', graph_d_model=160, graph_d_ff=640, graph_n_head=6, depths=[12], drop_path_rate=0.0, tf_layers=3, use_head=0, avg_tokens=False, use_aux_loss=0, opt='adamw', opt_eps=None, opt_betas=None, momentum=0.9, weight_decay=0.01, sched='cosine', lr=0.0001, lr_cycle_mul=1.0, min_ratio=0.1, decay_rate=0.1, warmup_lr=1e-06, warmup_epochs=5, lr_cycle_limit=1, epochs=3000, resume='', save_path='results/model56/nasbench101/model56_100/', save_epoch_freq=1000, pretrained_path=None, print_freq=10000, patience=1500, lambda_mse=1.0, lambda_rank=1.2, lambda_consistency=1.0, rank_loss_type='l1', rank_alpha=10.0, test_freq=1, tqdm=0, try_exp=-1, rounds=2, debug=0)
2026-03-21 22:16:35 INFO: [EVAL-best]  TrainKT  0.71168 | KT  0.70043, MAPE  0.03386, ErrBnd(0.01)  0.57556
[2026-03-21 22:16:37] ********************Experiment Results********************
[2026-03-21 22:16:37] log Filename: dataset__nasbench101|model__model56|dmodel__180|embedtype__onehot_op|gcnlayers__10|graphnhead__6|graphreadout__att|lambdaconsistency__1.0|lambdamse__1.0|lambdarank__1.2|percent__100|ranklosstype__l1
[2026-03-21 22:16:37] Experiment Detail: dataset : nasbench101, model : model56, d_model : 180, embed_type : onehot_op, gcn_layers : 10, graph_n_head : 6, graph_readout : att, lambda_consistency : 1.0, lambda_mse : 1.0, lambda_rank : 1.2, percent : 100, rank_loss_type : l1
[2026-03-21 22:16:37] ------------------------------------------------------------
[2026-03-21 22:16:37] train_tau : 0.7133 ± 0.0016
[2026-03-21 22:16:37] Tau       : 0.7019 ± 0.0015
[2026-03-21 22:16:37] MAPE      : 0.0365 ± 0.0026
[2026-03-21 22:16:37] ErrBnd    : 0.4439 ± 0.1317
[2026-03-21 22:16:37] BestEpoch : 1005.5000 ± 13.5000
[2026-03-21 22:16:37] TrainTimeSec: 710.5226 ± 170.3386
[2026-03-21 22:16:37] ********************Experiment Success********************

[22:16:38] lambda_rank=1.3
/home/rtx4090/anaconda3/lib/python3.12/site-packages/timm/models/layers/__init__.py:48: FutureWarning: Importing from timm.models.layers is deprecated, please import via timm.layers
  warnings.warn(f"Importing from {__name__} is deprecated, please import via timm.layers", FutureWarning)
2026-03-21 22:16:40 INFO: Totally 1 GPUs are available.
2026-03-21 22:16:40 INFO: Configs: Namespace(seed=2023, dataset='nasbench101', model='model56', device='cuda', do_train=True, data_path='data/nasbench101/all_nasbench101.pt', override_data=False, test_model_type='resnet18', finetuning=False, batch_size=128, percent=100, n_workers=1, parallel=False, embed_type='onehot_op', act_function='relu', class_token=True, depth_embed=True, encoder_type='nn', enc_dim=96, in_chans=32, d_model=180, dropout=0.1, gcn_layers=10, pool_gnn_layers=2, num_pooling=1, pool_ratio=0.25, graph_readout='att', graph_d_model=160, graph_d_ff=640, graph_n_head=6, depths=[12], drop_path_rate=0.0, tf_layers=3, use_head=0, avg_tokens=False, use_aux_loss=0, opt='adamw', opt_eps=None, opt_betas=None, momentum=0.9, weight_decay=0.01, sched='cosine', lr=0.0001, lr_cycle_mul=1.0, min_ratio=0.1, decay_rate=0.1, warmup_lr=1e-06, warmup_epochs=5, lr_cycle_limit=1, epochs=3000, resume='', save_path='results/model56/nasbench101/model56_100/', save_epoch_freq=1000, pretrained_path=None, print_freq=10000, patience=1500, lambda_mse=1.0, lambda_rank=1.3, lambda_consistency=1.0, rank_loss_type='l1', rank_alpha=10.0, test_freq=1, tqdm=0, try_exp=-1, rounds=2, debug=0)
2026-03-21 22:16:40 INFO: Building dataset train from .pth file
2026-03-21 22:16:40 INFO: Finish Loading dataset train; Number of sample groups: 100; Total samples: 200; Time: 0.01s
2026-03-21 22:16:40 INFO: Building dataset val from .pth file
2026-03-21 22:16:40 INFO: Finish Loading dataset val; Number of samples: 1024; Time: 0.07s
[1;31mdataset__nasbench101|model__model56|dmodel__180|embedtype__onehot_op|gcnlayers__10|graphnhead__6|graphreadout__att|lambdaconsistency__1.0|lambdamse__1.0|lambdarank__1.3|percent__100|ranklosstype__l1[0m
Loading cached data from ./data/nasbench101/nasbench101_1.0/train_100_onehot_op_cached_data.pth
Loading cached data from ./data/nasbench101/nasbench101_0/val_100_onehot_op_cached_data.pth
Model : model56
warmup steps: 600.0
