========================================================
  NARLoss v4 最终确认
  2026-03-22 05:00:00
  lambda_rank={0.7, 0.8, 0.9, 1.0} × cons=0 × 3 rounds
  共 4 个实验
========================================================

[05:00:00] lambda_rank=0.7  lambda_consistency=0  rounds=3
/home/rtx4090/anaconda3/lib/python3.12/site-packages/timm/models/layers/__init__.py:48: FutureWarning: Importing from timm.models.layers is deprecated, please import via timm.layers
  warnings.warn(f"Importing from {__name__} is deprecated, please import via timm.layers", FutureWarning)
2026-03-22 05:00:01 INFO: Totally 1 GPUs are available.
2026-03-22 05:00:01 INFO: Configs: Namespace(seed=2023, dataset='nasbench101', model='model56', device='cuda', do_train=True, data_path='data/nasbench101/all_nasbench101.pt', override_data=False, test_model_type='resnet18', finetuning=False, batch_size=128, percent=100, n_workers=1, parallel=False, embed_type='onehot_op', act_function='relu', class_token=True, depth_embed=True, encoder_type='nn', enc_dim=96, in_chans=32, d_model=180, dropout=0.1, gcn_layers=10, pool_gnn_layers=2, num_pooling=1, pool_ratio=0.25, graph_readout='att', graph_d_model=160, graph_d_ff=640, graph_n_head=6, depths=[12], drop_path_rate=0.0, tf_layers=3, use_head=0, avg_tokens=False, use_aux_loss=0, opt='adamw', opt_eps=None, opt_betas=None, momentum=0.9, weight_decay=0.01, sched='cosine', lr=0.0001, lr_cycle_mul=1.0, min_ratio=0.1, decay_rate=0.1, warmup_lr=1e-06, warmup_epochs=5, lr_cycle_limit=1, epochs=3000, resume='', save_path='results/model56/nasbench101/model56_100/', save_epoch_freq=1000, pretrained_path=None, print_freq=10000, patience=1500, lambda_mse=1.0, lambda_rank=0.7, lambda_consistency=0.0, test_freq=1, tqdm=0, try_exp=-1, rounds=3, debug=0)
2026-03-22 05:00:01 INFO: Building dataset train from .pth file
2026-03-22 05:00:01 INFO: Finish Loading dataset train; Number of samples: 100; Time: 0.01s
2026-03-22 05:00:01 INFO: Building dataset val from .pth file
2026-03-22 05:00:02 INFO: Finish Loading dataset val; Number of samples: 1024; Time: 0.07s
2026-03-22 05:18:56 INFO: Saved tau curve to ./results/tau/20260322051855_model56_100.pdf
2026-03-22 05:18:56 INFO: Training Finished | Best KT 0.70933 | Best MAPE  0.02572061 | Best ErrB  0.65722656
2026-03-22 05:18:56 INFO: Building dataset test from .pth file
2026-03-22 05:19:40 INFO: Finish Loading dataset test; Number of samples: 423624; Time: 44.91s
2026-03-22 05:20:34 INFO: [EVAL-best]  TrainKT  0.70933 | KT  0.69602, MAPE  0.03273, ErrBnd(0.01)  0.63426
2026-03-22 05:20:36 INFO: Totally 1 GPUs are available.
2026-03-22 05:20:36 INFO: Configs: Namespace(seed=2023, dataset='nasbench101', model='model56', device='cuda', do_train=True, data_path='data/nasbench101/all_nasbench101.pt', override_data=False, test_model_type='resnet18', finetuning=False, batch_size=128, percent=100, n_workers=1, parallel=False, embed_type='onehot_op', act_function='relu', class_token=True, depth_embed=True, encoder_type='nn', enc_dim=96, in_chans=32, d_model=180, dropout=0.1, gcn_layers=10, pool_gnn_layers=2, num_pooling=1, pool_ratio=0.25, graph_readout='att', graph_d_model=160, graph_d_ff=640, graph_n_head=6, depths=[12], drop_path_rate=0.0, tf_layers=3, use_head=0, avg_tokens=False, use_aux_loss=0, opt='adamw', opt_eps=None, opt_betas=None, momentum=0.9, weight_decay=0.01, sched='cosine', lr=0.0001, lr_cycle_mul=1.0, min_ratio=0.1, decay_rate=0.1, warmup_lr=1e-06, warmup_epochs=5, lr_cycle_limit=1, epochs=3000, resume='', save_path='results/model56/nasbench101/model56_100/', save_epoch_freq=1000, pretrained_path=None, print_freq=10000, patience=1500, lambda_mse=1.0, lambda_rank=0.7, lambda_consistency=0.0, test_freq=1, tqdm=0, try_exp=-1, rounds=3, debug=0)
2026-03-22 05:20:36 INFO: Building dataset train from .pth file
2026-03-22 05:20:36 INFO: Finish Loading dataset train; Number of samples: 100; Time: 0.01s
2026-03-22 05:20:36 INFO: Building dataset val from .pth file
2026-03-22 05:20:36 INFO: Finish Loading dataset val; Number of samples: 1024; Time: 0.07s
2026-03-22 05:35:32 INFO: Saved tau curve to ./results/tau/20260322053532_model56_100.pdf
2026-03-22 05:35:32 INFO: Training Finished | Best KT 0.70584 | Best MAPE  0.03089210 | Best ErrB  0.37597656
2026-03-22 05:35:32 INFO: Building dataset test from .pth file
2026-03-22 05:36:16 INFO: Finish Loading dataset test; Number of samples: 423624; Time: 43.83s
2026-03-22 05:37:23 INFO: [EVAL-best]  TrainKT  0.70584 | KT  0.69341, MAPE  0.03799, ErrBnd(0.01)  0.37470
2026-03-22 05:37:25 INFO: Totally 1 GPUs are available.
2026-03-22 05:37:25 INFO: Configs: Namespace(seed=2023, dataset='nasbench101', model='model56', device='cuda', do_train=True, data_path='data/nasbench101/all_nasbench101.pt', override_data=False, test_model_type='resnet18', finetuning=False, batch_size=128, percent=100, n_workers=1, parallel=False, embed_type='onehot_op', act_function='relu', class_token=True, depth_embed=True, encoder_type='nn', enc_dim=96, in_chans=32, d_model=180, dropout=0.1, gcn_layers=10, pool_gnn_layers=2, num_pooling=1, pool_ratio=0.25, graph_readout='att', graph_d_model=160, graph_d_ff=640, graph_n_head=6, depths=[12], drop_path_rate=0.0, tf_layers=3, use_head=0, avg_tokens=False, use_aux_loss=0, opt='adamw', opt_eps=None, opt_betas=None, momentum=0.9, weight_decay=0.01, sched='cosine', lr=0.0001, lr_cycle_mul=1.0, min_ratio=0.1, decay_rate=0.1, warmup_lr=1e-06, warmup_epochs=5, lr_cycle_limit=1, epochs=3000, resume='', save_path='results/model56/nasbench101/model56_100/', save_epoch_freq=1000, pretrained_path=None, print_freq=10000, patience=1500, lambda_mse=1.0, lambda_rank=0.7, lambda_consistency=0.0, test_freq=1, tqdm=0, try_exp=-1, rounds=3, debug=0)
2026-03-22 05:37:25 INFO: Building dataset train from .pth file
2026-03-22 05:37:25 INFO: Finish Loading dataset train; Number of samples: 100; Time: 0.01s
2026-03-22 05:37:25 INFO: Building dataset val from .pth file
2026-03-22 05:37:25 INFO: Finish Loading dataset val; Number of samples: 1024; Time: 0.07s
2026-03-22 05:53:47 INFO: Saved tau curve to ./results/tau/20260322055347_model56_100.pdf
2026-03-22 05:53:47 INFO: Training Finished | Best KT 0.71426 | Best MAPE  0.02556215 | Best ErrB  0.65527344
2026-03-22 05:53:47 INFO: Building dataset test from .pth file
2026-03-22 05:54:31 INFO: Finish Loading dataset test; Number of samples: 423624; Time: 43.70s
2026-03-22 05:55:34 INFO: [EVAL-best]  TrainKT  0.71426 | KT  0.70492, MAPE  0.03255, ErrBnd(0.01)  0.64341
[1;31mdataset__nasbench101|model__model56|dmodel__180|embedtype__onehot_op|gcnlayers__10|graphnhead__6|graphreadout__att|lambdaconsistency__0.0|lambdamse__1.0|lambdarank__0.7|percent__100[0m
Loading cached data from ./data/nasbench101/nasbench101_0.0/train_100_onehot_op_cached_data.pth
Loading cached data from ./data/nasbench101/nasbench101_0/val_100_onehot_op_cached_data.pth
Model : model56
warmup steps: 600.0
Loading cached data from ./data/nasbench101/nasbench101_0.0/test_100_onehot_op_cached_data.pth
Model : model56
Namespace(seed=2023, dataset='nasbench101', model='model56', device='cuda', do_train=True, data_path='data/nasbench101/all_nasbench101_onehot_op.pt', override_data=False, test_model_type='resnet18', finetuning=False, batch_size=128, percent=100, n_workers=1, parallel=False, embed_type='onehot_op', act_function='relu', class_token=True, depth_embed=True, encoder_type='nn', enc_dim=96, in_chans=32, d_model=180, dropout=0.1, gcn_layers=10, pool_gnn_layers=2, num_pooling=1, pool_ratio=0.25, graph_readout='att', graph_d_model=160, graph_d_ff=640, graph_n_head=6, depths=[12], drop_path_rate=0.0, tf_layers=3, use_head=0, avg_tokens=False, use_aux_loss=0, opt='adamw', opt_eps=None, opt_betas=None, momentum=0.9, weight_decay=0.01, sched='cosine', lr=0.0001, lr_cycle_mul=1.0, min_ratio=0.1, decay_rate=0.1, warmup_lr=1e-06, warmup_epochs=5, lr_cycle_limit=1, epochs=3000, resume='', save_path='results/model56/nasbench101/model56_100/', save_epoch_freq=1000, pretrained_path=None, print_freq=10000, patience=1500, lambda_mse=1.0, lambda_rank=0.7, lambda_consistency=0.0, test_freq=1, tqdm=0, try_exp=-1, rounds=3, debug=0)
Loading cached data from ./data/nasbench101/nasbench101_0.0/train_100_onehot_op_cached_data.pth
Loading cached data from ./data/nasbench101/nasbench101_0/val_100_onehot_op_cached_data.pth
Model : model56
warmup steps: 600.0
Loading cached data from ./data/nasbench101/nasbench101_0.0/test_100_onehot_op_cached_data.pth
Model : model56
Namespace(seed=2023, dataset='nasbench101', model='model56', device='cuda', do_train=True, data_path='data/nasbench101/all_nasbench101_onehot_op.pt', override_data=False, test_model_type='resnet18', finetuning=False, batch_size=128, percent=100, n_workers=1, parallel=False, embed_type='onehot_op', act_function='relu', class_token=True, depth_embed=True, encoder_type='nn', enc_dim=96, in_chans=32, d_model=180, dropout=0.1, gcn_layers=10, pool_gnn_layers=2, num_pooling=1, pool_ratio=0.25, graph_readout='att', graph_d_model=160, graph_d_ff=640, graph_n_head=6, depths=[12], drop_path_rate=0.0, tf_layers=3, use_head=0, avg_tokens=False, use_aux_loss=0, opt='adamw', opt_eps=None, opt_betas=None, momentum=0.9, weight_decay=0.01, sched='cosine', lr=0.0001, lr_cycle_mul=1.0, min_ratio=0.1, decay_rate=0.1, warmup_lr=1e-06, warmup_epochs=5, lr_cycle_limit=1, epochs=3000, resume='', save_path='results/model56/nasbench101/model56_100/', save_epoch_freq=1000, pretrained_path=None, print_freq=10000, patience=1500, lambda_mse=1.0, lambda_rank=0.7, lambda_consistency=0.0, test_freq=1, tqdm=0, try_exp=-1, rounds=3, debug=0)
Loading cached data from ./data/nasbench101/nasbench101_0.0/train_100_onehot_op_cached_data.pth
Loading cached data from ./data/nasbench101/nasbench101_0/val_100_onehot_op_cached_data.pth
Model : model56
warmup steps: 600.0
Loading cached data from ./data/nasbench101/nasbench101_0.0/test_100_onehot_op_cached_data.pth
Model : model56
Namespace(seed=2023, dataset='nasbench101', model='model56', device='cuda', do_train=True, data_path='data/nasbench101/all_nasbench101_onehot_op.pt', override_data=False, test_model_type='resnet18', finetuning=False, batch_size=128, percent=100, n_workers=1, parallel=False, embed_type='onehot_op', act_function='relu', class_token=True, depth_embed=True, encoder_type='nn', enc_dim=96, in_chans=32, d_model=180, dropout=0.1, gcn_layers=10, pool_gnn_layers=2, num_pooling=1, pool_ratio=0.25, graph_readout='att', graph_d_model=160, graph_d_ff=640, graph_n_head=6, depths=[12], drop_path_rate=0.0, tf_layers=3, use_head=0, avg_tokens=False, use_aux_loss=0, opt='adamw', opt_eps=None, opt_betas=None, momentum=0.9, weight_decay=0.01, sched='cosine', lr=0.0001, lr_cycle_mul=1.0, min_ratio=0.1, decay_rate=0.1, warmup_lr=1e-06, warmup_epochs=5, lr_cycle_limit=1, epochs=3000, resume='', save_path='results/model56/nasbench101/model56_100/', save_epoch_freq=1000, pretrained_path=None, print_freq=10000, patience=1500, lambda_mse=1.0, lambda_rank=0.7, lambda_consistency=0.0, test_freq=1, tqdm=0, try_exp=-1, rounds=3, debug=0)
[2026-03-22 05:55:36] ********************Experiment Results********************
[2026-03-22 05:55:36] log Filename: dataset__nasbench101|model__model56|dmodel__180|embedtype__onehot_op|gcnlayers__10|graphnhead__6|graphreadout__att|lambdaconsistency__0.0|lambdamse__1.0|lambdarank__0.7|percent__100
[2026-03-22 05:55:36] Experiment Detail: dataset : nasbench101, model : model56, d_model : 180, embed_type : onehot_op, gcn_layers : 10, graph_n_head : 6, graph_readout : att, lambda_consistency : 0.0, lambda_mse : 1.0, lambda_rank : 0.7, percent : 100
[2026-03-22 05:55:36] ------------------------------------------------------------
[2026-03-22 05:55:36] train_tau : 0.7098 ± 0.0035
[2026-03-22 05:55:36] Tau       : 0.6981 ± 0.0049
[2026-03-22 05:55:36] MAPE      : 0.0344 ± 0.0025
[2026-03-22 05:55:36] ErrBnd    : 0.5508 ± 0.1246
[2026-03-22 05:55:36] BestEpoch : 2127.6667 ± 524.8126
[2026-03-22 05:55:36] TrainTimeSec: 1003.8731 ± 98.3217
[2026-03-22 05:55:36] ********************Experiment Success********************

[05:55:36] lambda_rank=0.8  lambda_consistency=0  rounds=3
/home/rtx4090/anaconda3/lib/python3.12/site-packages/timm/models/layers/__init__.py:48: FutureWarning: Importing from timm.models.layers is deprecated, please import via timm.layers
  warnings.warn(f"Importing from {__name__} is deprecated, please import via timm.layers", FutureWarning)
2026-03-22 05:55:38 INFO: Totally 1 GPUs are available.
2026-03-22 05:55:38 INFO: Configs: Namespace(seed=2023, dataset='nasbench101', model='model56', device='cuda', do_train=True, data_path='data/nasbench101/all_nasbench101.pt', override_data=False, test_model_type='resnet18', finetuning=False, batch_size=128, percent=100, n_workers=1, parallel=False, embed_type='onehot_op', act_function='relu', class_token=True, depth_embed=True, encoder_type='nn', enc_dim=96, in_chans=32, d_model=180, dropout=0.1, gcn_layers=10, pool_gnn_layers=2, num_pooling=1, pool_ratio=0.25, graph_readout='att', graph_d_model=160, graph_d_ff=640, graph_n_head=6, depths=[12], drop_path_rate=0.0, tf_layers=3, use_head=0, avg_tokens=False, use_aux_loss=0, opt='adamw', opt_eps=None, opt_betas=None, momentum=0.9, weight_decay=0.01, sched='cosine', lr=0.0001, lr_cycle_mul=1.0, min_ratio=0.1, decay_rate=0.1, warmup_lr=1e-06, warmup_epochs=5, lr_cycle_limit=1, epochs=3000, resume='', save_path='results/model56/nasbench101/model56_100/', save_epoch_freq=1000, pretrained_path=None, print_freq=10000, patience=1500, lambda_mse=1.0, lambda_rank=0.8, lambda_consistency=0.0, test_freq=1, tqdm=0, try_exp=-1, rounds=3, debug=0)
2026-03-22 05:55:38 INFO: Building dataset train from .pth file
2026-03-22 05:55:38 INFO: Finish Loading dataset train; Number of samples: 100; Time: 0.01s
2026-03-22 05:55:38 INFO: Building dataset val from .pth file
2026-03-22 05:55:38 INFO: Finish Loading dataset val; Number of samples: 1024; Time: 0.08s
2026-03-22 06:09:18 INFO: Saved tau curve to ./results/tau/20260322060917_model56_100.pdf
2026-03-22 06:09:18 INFO: Training Finished | Best KT 0.71236 | Best MAPE  0.02525917 | Best ErrB  0.66406250
2026-03-22 06:09:18 INFO: Building dataset test from .pth file
2026-03-22 06:10:00 INFO: Finish Loading dataset test; Number of samples: 423624; Time: 42.39s
2026-03-22 06:10:54 INFO: [EVAL-best]  TrainKT  0.71236 | KT  0.70166, MAPE  0.03208, ErrBnd(0.01)  0.65849
2026-03-22 06:10:56 INFO: Totally 1 GPUs are available.
2026-03-22 06:10:56 INFO: Configs: Namespace(seed=2023, dataset='nasbench101', model='model56', device='cuda', do_train=True, data_path='data/nasbench101/all_nasbench101.pt', override_data=False, test_model_type='resnet18', finetuning=False, batch_size=128, percent=100, n_workers=1, parallel=False, embed_type='onehot_op', act_function='relu', class_token=True, depth_embed=True, encoder_type='nn', enc_dim=96, in_chans=32, d_model=180, dropout=0.1, gcn_layers=10, pool_gnn_layers=2, num_pooling=1, pool_ratio=0.25, graph_readout='att', graph_d_model=160, graph_d_ff=640, graph_n_head=6, depths=[12], drop_path_rate=0.0, tf_layers=3, use_head=0, avg_tokens=False, use_aux_loss=0, opt='adamw', opt_eps=None, opt_betas=None, momentum=0.9, weight_decay=0.01, sched='cosine', lr=0.0001, lr_cycle_mul=1.0, min_ratio=0.1, decay_rate=0.1, warmup_lr=1e-06, warmup_epochs=5, lr_cycle_limit=1, epochs=3000, resume='', save_path='results/model56/nasbench101/model56_100/', save_epoch_freq=1000, pretrained_path=None, print_freq=10000, patience=1500, lambda_mse=1.0, lambda_rank=0.8, lambda_consistency=0.0, test_freq=1, tqdm=0, try_exp=-1, rounds=3, debug=0)
2026-03-22 06:10:56 INFO: Building dataset train from .pth file
2026-03-22 06:10:56 INFO: Finish Loading dataset train; Number of samples: 100; Time: 0.01s
2026-03-22 06:10:56 INFO: Building dataset val from .pth file
2026-03-22 06:10:56 INFO: Finish Loading dataset val; Number of samples: 1024; Time: 0.07s
2026-03-22 06:21:15 INFO: Saved tau curve to ./results/tau/20260322062115_model56_100.pdf
2026-03-22 06:21:15 INFO: Training Finished | Best KT 0.70580 | Best MAPE  0.02536466 | Best ErrB  0.65332031
2026-03-22 06:21:15 INFO: Building dataset test from .pth file
2026-03-22 06:21:58 INFO: Finish Loading dataset test; Number of samples: 423624; Time: 42.24s
2026-03-22 06:22:54 INFO: [EVAL-best]  TrainKT  0.70580 | KT  0.69331, MAPE  0.03255, ErrBnd(0.01)  0.63899
2026-03-22 06:22:55 INFO: Totally 1 GPUs are available.
2026-03-22 06:22:55 INFO: Configs: Namespace(seed=2023, dataset='nasbench101', model='model56', device='cuda', do_train=True, data_path='data/nasbench101/all_nasbench101.pt', override_data=False, test_model_type='resnet18', finetuning=False, batch_size=128, percent=100, n_workers=1, parallel=False, embed_type='onehot_op', act_function='relu', class_token=True, depth_embed=True, encoder_type='nn', enc_dim=96, in_chans=32, d_model=180, dropout=0.1, gcn_layers=10, pool_gnn_layers=2, num_pooling=1, pool_ratio=0.25, graph_readout='att', graph_d_model=160, graph_d_ff=640, graph_n_head=6, depths=[12], drop_path_rate=0.0, tf_layers=3, use_head=0, avg_tokens=False, use_aux_loss=0, opt='adamw', opt_eps=None, opt_betas=None, momentum=0.9, weight_decay=0.01, sched='cosine', lr=0.0001, lr_cycle_mul=1.0, min_ratio=0.1, decay_rate=0.1, warmup_lr=1e-06, warmup_epochs=5, lr_cycle_limit=1, epochs=3000, resume='', save_path='results/model56/nasbench101/model56_100/', save_epoch_freq=1000, pretrained_path=None, print_freq=10000, patience=1500, lambda_mse=1.0, lambda_rank=0.8, lambda_consistency=0.0, test_freq=1, tqdm=0, try_exp=-1, rounds=3, debug=0)
2026-03-22 06:22:55 INFO: Building dataset train from .pth file
2026-03-22 06:22:55 INFO: Finish Loading dataset train; Number of samples: 100; Time: 0.01s
2026-03-22 06:22:55 INFO: Building dataset val from .pth file
2026-03-22 06:22:56 INFO: Finish Loading dataset val; Number of samples: 1024; Time: 0.07s
2026-03-22 06:33:31 INFO: Saved tau curve to ./results/tau/20260322063331_model56_100.pdf
2026-03-22 06:33:31 INFO: Training Finished | Best KT 0.72207 | Best MAPE  0.02526319 | Best ErrB  0.66503906
2026-03-22 06:33:31 INFO: Building dataset test from .pth file
2026-03-22 06:34:14 INFO: Finish Loading dataset test; Number of samples: 423624; Time: 43.01s
2026-03-22 06:35:08 INFO: [EVAL-best]  TrainKT  0.72207 | KT  0.70981, MAPE  0.03237, ErrBnd(0.01)  0.65266
[1;31mdataset__nasbench101|model__model56|dmodel__180|embedtype__onehot_op|gcnlayers__10|graphnhead__6|graphreadout__att|lambdaconsistency__0.0|lambdamse__1.0|lambdarank__0.8|percent__100[0m
Loading cached data from ./data/nasbench101/nasbench101_0.0/train_100_onehot_op_cached_data.pth
Loading cached data from ./data/nasbench101/nasbench101_0/val_100_onehot_op_cached_data.pth
Model : model56
warmup steps: 600.0
Loading cached data from ./data/nasbench101/nasbench101_0.0/test_100_onehot_op_cached_data.pth
Model : model56
Namespace(seed=2023, dataset='nasbench101', model='model56', device='cuda', do_train=True, data_path='data/nasbench101/all_nasbench101_onehot_op.pt', override_data=False, test_model_type='resnet18', finetuning=False, batch_size=128, percent=100, n_workers=1, parallel=False, embed_type='onehot_op', act_function='relu', class_token=True, depth_embed=True, encoder_type='nn', enc_dim=96, in_chans=32, d_model=180, dropout=0.1, gcn_layers=10, pool_gnn_layers=2, num_pooling=1, pool_ratio=0.25, graph_readout='att', graph_d_model=160, graph_d_ff=640, graph_n_head=6, depths=[12], drop_path_rate=0.0, tf_layers=3, use_head=0, avg_tokens=False, use_aux_loss=0, opt='adamw', opt_eps=None, opt_betas=None, momentum=0.9, weight_decay=0.01, sched='cosine', lr=0.0001, lr_cycle_mul=1.0, min_ratio=0.1, decay_rate=0.1, warmup_lr=1e-06, warmup_epochs=5, lr_cycle_limit=1, epochs=3000, resume='', save_path='results/model56/nasbench101/model56_100/', save_epoch_freq=1000, pretrained_path=None, print_freq=10000, patience=1500, lambda_mse=1.0, lambda_rank=0.8, lambda_consistency=0.0, test_freq=1, tqdm=0, try_exp=-1, rounds=3, debug=0)
Loading cached data from ./data/nasbench101/nasbench101_0.0/train_100_onehot_op_cached_data.pth
Loading cached data from ./data/nasbench101/nasbench101_0/val_100_onehot_op_cached_data.pth
Model : model56
warmup steps: 600.0
Loading cached data from ./data/nasbench101/nasbench101_0.0/test_100_onehot_op_cached_data.pth
Model : model56
Namespace(seed=2023, dataset='nasbench101', model='model56', device='cuda', do_train=True, data_path='data/nasbench101/all_nasbench101_onehot_op.pt', override_data=False, test_model_type='resnet18', finetuning=False, batch_size=128, percent=100, n_workers=1, parallel=False, embed_type='onehot_op', act_function='relu', class_token=True, depth_embed=True, encoder_type='nn', enc_dim=96, in_chans=32, d_model=180, dropout=0.1, gcn_layers=10, pool_gnn_layers=2, num_pooling=1, pool_ratio=0.25, graph_readout='att', graph_d_model=160, graph_d_ff=640, graph_n_head=6, depths=[12], drop_path_rate=0.0, tf_layers=3, use_head=0, avg_tokens=False, use_aux_loss=0, opt='adamw', opt_eps=None, opt_betas=None, momentum=0.9, weight_decay=0.01, sched='cosine', lr=0.0001, lr_cycle_mul=1.0, min_ratio=0.1, decay_rate=0.1, warmup_lr=1e-06, warmup_epochs=5, lr_cycle_limit=1, epochs=3000, resume='', save_path='results/model56/nasbench101/model56_100/', save_epoch_freq=1000, pretrained_path=None, print_freq=10000, patience=1500, lambda_mse=1.0, lambda_rank=0.8, lambda_consistency=0.0, test_freq=1, tqdm=0, try_exp=-1, rounds=3, debug=0)
Loading cached data from ./data/nasbench101/nasbench101_0.0/train_100_onehot_op_cached_data.pth
Loading cached data from ./data/nasbench101/nasbench101_0/val_100_onehot_op_cached_data.pth
Model : model56
warmup steps: 600.0
Loading cached data from ./data/nasbench101/nasbench101_0.0/test_100_onehot_op_cached_data.pth
Model : model56
Namespace(seed=2023, dataset='nasbench101', model='model56', device='cuda', do_train=True, data_path='data/nasbench101/all_nasbench101_onehot_op.pt', override_data=False, test_model_type='resnet18', finetuning=False, batch_size=128, percent=100, n_workers=1, parallel=False, embed_type='onehot_op', act_function='relu', class_token=True, depth_embed=True, encoder_type='nn', enc_dim=96, in_chans=32, d_model=180, dropout=0.1, gcn_layers=10, pool_gnn_layers=2, num_pooling=1, pool_ratio=0.25, graph_readout='att', graph_d_model=160, graph_d_ff=640, graph_n_head=6, depths=[12], drop_path_rate=0.0, tf_layers=3, use_head=0, avg_tokens=False, use_aux_loss=0, opt='adamw', opt_eps=None, opt_betas=None, momentum=0.9, weight_decay=0.01, sched='cosine', lr=0.0001, lr_cycle_mul=1.0, min_ratio=0.1, decay_rate=0.1, warmup_lr=1e-06, warmup_epochs=5, lr_cycle_limit=1, epochs=3000, resume='', save_path='results/model56/nasbench101/model56_100/', save_epoch_freq=1000, pretrained_path=None, print_freq=10000, patience=1500, lambda_mse=1.0, lambda_rank=0.8, lambda_consistency=0.0, test_freq=1, tqdm=0, try_exp=-1, rounds=3, debug=0)
[2026-03-22 06:35:10] ********************Experiment Results********************
[2026-03-22 06:35:10] log Filename: dataset__nasbench101|model__model56|dmodel__180|embedtype__onehot_op|gcnlayers__10|graphnhead__6|graphreadout__att|lambdaconsistency__0.0|lambdamse__1.0|lambdarank__0.8|percent__100
[2026-03-22 06:35:10] Experiment Detail: dataset : nasbench101, model : model56, d_model : 180, embed_type : onehot_op, gcn_layers : 10, graph_n_head : 6, graph_readout : att, lambda_consistency : 0.0, lambda_mse : 1.0, lambda_rank : 0.8, percent : 100
[2026-03-22 06:35:10] ------------------------------------------------------------
[2026-03-22 06:35:10] train_tau : 0.7134 ± 0.0067
[2026-03-22 06:35:10] Tau       : 0.7016 ± 0.0067
[2026-03-22 06:35:10] MAPE      : 0.0323 ± 0.0002
[2026-03-22 06:35:10] ErrBnd    : 0.6500 ± 0.0082
[2026-03-22 06:35:10] BestEpoch : 2257.6667 ± 449.4888
[2026-03-22 06:35:10] TrainTimeSec: 691.1791 ± 90.5529
[2026-03-22 06:35:10] ********************Experiment Success********************

[06:35:10] lambda_rank=0.9  lambda_consistency=0  rounds=3
/home/rtx4090/anaconda3/lib/python3.12/site-packages/timm/models/layers/__init__.py:48: FutureWarning: Importing from timm.models.layers is deprecated, please import via timm.layers
  warnings.warn(f"Importing from {__name__} is deprecated, please import via timm.layers", FutureWarning)
2026-03-22 06:35:12 INFO: Totally 1 GPUs are available.
2026-03-22 06:35:12 INFO: Configs: Namespace(seed=2023, dataset='nasbench101', model='model56', device='cuda', do_train=True, data_path='data/nasbench101/all_nasbench101.pt', override_data=False, test_model_type='resnet18', finetuning=False, batch_size=128, percent=100, n_workers=1, parallel=False, embed_type='onehot_op', act_function='relu', class_token=True, depth_embed=True, encoder_type='nn', enc_dim=96, in_chans=32, d_model=180, dropout=0.1, gcn_layers=10, pool_gnn_layers=2, num_pooling=1, pool_ratio=0.25, graph_readout='att', graph_d_model=160, graph_d_ff=640, graph_n_head=6, depths=[12], drop_path_rate=0.0, tf_layers=3, use_head=0, avg_tokens=False, use_aux_loss=0, opt='adamw', opt_eps=None, opt_betas=None, momentum=0.9, weight_decay=0.01, sched='cosine', lr=0.0001, lr_cycle_mul=1.0, min_ratio=0.1, decay_rate=0.1, warmup_lr=1e-06, warmup_epochs=5, lr_cycle_limit=1, epochs=3000, resume='', save_path='results/model56/nasbench101/model56_100/', save_epoch_freq=1000, pretrained_path=None, print_freq=10000, patience=1500, lambda_mse=1.0, lambda_rank=0.9, lambda_consistency=0.0, test_freq=1, tqdm=0, try_exp=-1, rounds=3, debug=0)
2026-03-22 06:35:12 INFO: Building dataset train from .pth file
2026-03-22 06:35:12 INFO: Finish Loading dataset train; Number of samples: 100; Time: 0.01s
2026-03-22 06:35:12 INFO: Building dataset val from .pth file
2026-03-22 06:35:12 INFO: Finish Loading dataset val; Number of samples: 1024; Time: 0.07s
2026-03-22 06:45:36 INFO: Saved tau curve to ./results/tau/20260322064536_model56_100.pdf
2026-03-22 06:45:36 INFO: Training Finished | Best KT 0.71222 | Best MAPE  0.02789785 | Best ErrB  0.54199219
2026-03-22 06:45:36 INFO: Building dataset test from .pth file
2026-03-22 06:46:18 INFO: Finish Loading dataset test; Number of samples: 423624; Time: 41.67s
2026-03-22 06:47:12 INFO: [EVAL-best]  TrainKT  0.71222 | KT  0.69829, MAPE  0.03493, ErrBnd(0.01)  0.52283
2026-03-22 06:47:14 INFO: Totally 1 GPUs are available.
2026-03-22 06:47:14 INFO: Configs: Namespace(seed=2023, dataset='nasbench101', model='model56', device='cuda', do_train=True, data_path='data/nasbench101/all_nasbench101.pt', override_data=False, test_model_type='resnet18', finetuning=False, batch_size=128, percent=100, n_workers=1, parallel=False, embed_type='onehot_op', act_function='relu', class_token=True, depth_embed=True, encoder_type='nn', enc_dim=96, in_chans=32, d_model=180, dropout=0.1, gcn_layers=10, pool_gnn_layers=2, num_pooling=1, pool_ratio=0.25, graph_readout='att', graph_d_model=160, graph_d_ff=640, graph_n_head=6, depths=[12], drop_path_rate=0.0, tf_layers=3, use_head=0, avg_tokens=False, use_aux_loss=0, opt='adamw', opt_eps=None, opt_betas=None, momentum=0.9, weight_decay=0.01, sched='cosine', lr=0.0001, lr_cycle_mul=1.0, min_ratio=0.1, decay_rate=0.1, warmup_lr=1e-06, warmup_epochs=5, lr_cycle_limit=1, epochs=3000, resume='', save_path='results/model56/nasbench101/model56_100/', save_epoch_freq=1000, pretrained_path=None, print_freq=10000, patience=1500, lambda_mse=1.0, lambda_rank=0.9, lambda_consistency=0.0, test_freq=1, tqdm=0, try_exp=-1, rounds=3, debug=0)
2026-03-22 06:47:14 INFO: Building dataset train from .pth file
2026-03-22 06:47:14 INFO: Finish Loading dataset train; Number of samples: 100; Time: 0.01s
2026-03-22 06:47:14 INFO: Building dataset val from .pth file
2026-03-22 06:47:14 INFO: Finish Loading dataset val; Number of samples: 1024; Time: 0.07s
2026-03-22 06:57:31 INFO: Saved tau curve to ./results/tau/20260322065731_model56_100.pdf
2026-03-22 06:57:31 INFO: Training Finished | Best KT 0.70826 | Best MAPE  0.02475977 | Best ErrB  0.69335938
2026-03-22 06:57:31 INFO: Building dataset test from .pth file
2026-03-22 06:58:11 INFO: Finish Loading dataset test; Number of samples: 423624; Time: 40.29s
2026-03-22 06:59:07 INFO: [EVAL-best]  TrainKT  0.70826 | KT  0.69606, MAPE  0.03191, ErrBnd(0.01)  0.66949
2026-03-22 06:59:09 INFO: Totally 1 GPUs are available.
2026-03-22 06:59:09 INFO: Configs: Namespace(seed=2023, dataset='nasbench101', model='model56', device='cuda', do_train=True, data_path='data/nasbench101/all_nasbench101.pt', override_data=False, test_model_type='resnet18', finetuning=False, batch_size=128, percent=100, n_workers=1, parallel=False, embed_type='onehot_op', act_function='relu', class_token=True, depth_embed=True, encoder_type='nn', enc_dim=96, in_chans=32, d_model=180, dropout=0.1, gcn_layers=10, pool_gnn_layers=2, num_pooling=1, pool_ratio=0.25, graph_readout='att', graph_d_model=160, graph_d_ff=640, graph_n_head=6, depths=[12], drop_path_rate=0.0, tf_layers=3, use_head=0, avg_tokens=False, use_aux_loss=0, opt='adamw', opt_eps=None, opt_betas=None, momentum=0.9, weight_decay=0.01, sched='cosine', lr=0.0001, lr_cycle_mul=1.0, min_ratio=0.1, decay_rate=0.1, warmup_lr=1e-06, warmup_epochs=5, lr_cycle_limit=1, epochs=3000, resume='', save_path='results/model56/nasbench101/model56_100/', save_epoch_freq=1000, pretrained_path=None, print_freq=10000, patience=1500, lambda_mse=1.0, lambda_rank=0.9, lambda_consistency=0.0, test_freq=1, tqdm=0, try_exp=-1, rounds=3, debug=0)
2026-03-22 06:59:09 INFO: Building dataset train from .pth file
2026-03-22 06:59:09 INFO: Finish Loading dataset train; Number of samples: 100; Time: 0.01s
2026-03-22 06:59:09 INFO: Building dataset val from .pth file
2026-03-22 06:59:09 INFO: Finish Loading dataset val; Number of samples: 1024; Time: 0.07s
2026-03-22 07:09:49 INFO: Saved tau curve to ./results/tau/20260322070949_model56_100.pdf
2026-03-22 07:09:49 INFO: Training Finished | Best KT 0.72186 | Best MAPE  0.02837178 | Best ErrB  0.50097656
2026-03-22 07:09:49 INFO: Building dataset test from .pth file
2026-03-22 07:10:31 INFO: Finish Loading dataset test; Number of samples: 423624; Time: 42.12s
2026-03-22 07:11:24 INFO: [EVAL-best]  TrainKT  0.72186 | KT  0.71206, MAPE  0.03530, ErrBnd(0.01)  0.49505
[1;31mdataset__nasbench101|model__model56|dmodel__180|embedtype__onehot_op|gcnlayers__10|graphnhead__6|graphreadout__att|lambdaconsistency__0.0|lambdamse__1.0|lambdarank__0.9|percent__100[0m
Loading cached data from ./data/nasbench101/nasbench101_0.0/train_100_onehot_op_cached_data.pth
Loading cached data from ./data/nasbench101/nasbench101_0/val_100_onehot_op_cached_data.pth
Model : model56
warmup steps: 600.0
Loading cached data from ./data/nasbench101/nasbench101_0.0/test_100_onehot_op_cached_data.pth
Model : model56
Namespace(seed=2023, dataset='nasbench101', model='model56', device='cuda', do_train=True, data_path='data/nasbench101/all_nasbench101_onehot_op.pt', override_data=False, test_model_type='resnet18', finetuning=False, batch_size=128, percent=100, n_workers=1, parallel=False, embed_type='onehot_op', act_function='relu', class_token=True, depth_embed=True, encoder_type='nn', enc_dim=96, in_chans=32, d_model=180, dropout=0.1, gcn_layers=10, pool_gnn_layers=2, num_pooling=1, pool_ratio=0.25, graph_readout='att', graph_d_model=160, graph_d_ff=640, graph_n_head=6, depths=[12], drop_path_rate=0.0, tf_layers=3, use_head=0, avg_tokens=False, use_aux_loss=0, opt='adamw', opt_eps=None, opt_betas=None, momentum=0.9, weight_decay=0.01, sched='cosine', lr=0.0001, lr_cycle_mul=1.0, min_ratio=0.1, decay_rate=0.1, warmup_lr=1e-06, warmup_epochs=5, lr_cycle_limit=1, epochs=3000, resume='', save_path='results/model56/nasbench101/model56_100/', save_epoch_freq=1000, pretrained_path=None, print_freq=10000, patience=1500, lambda_mse=1.0, lambda_rank=0.9, lambda_consistency=0.0, test_freq=1, tqdm=0, try_exp=-1, rounds=3, debug=0)
Loading cached data from ./data/nasbench101/nasbench101_0.0/train_100_onehot_op_cached_data.pth
Loading cached data from ./data/nasbench101/nasbench101_0/val_100_onehot_op_cached_data.pth
Model : model56
warmup steps: 600.0
Loading cached data from ./data/nasbench101/nasbench101_0.0/test_100_onehot_op_cached_data.pth
Model : model56
Namespace(seed=2023, dataset='nasbench101', model='model56', device='cuda', do_train=True, data_path='data/nasbench101/all_nasbench101_onehot_op.pt', override_data=False, test_model_type='resnet18', finetuning=False, batch_size=128, percent=100, n_workers=1, parallel=False, embed_type='onehot_op', act_function='relu', class_token=True, depth_embed=True, encoder_type='nn', enc_dim=96, in_chans=32, d_model=180, dropout=0.1, gcn_layers=10, pool_gnn_layers=2, num_pooling=1, pool_ratio=0.25, graph_readout='att', graph_d_model=160, graph_d_ff=640, graph_n_head=6, depths=[12], drop_path_rate=0.0, tf_layers=3, use_head=0, avg_tokens=False, use_aux_loss=0, opt='adamw', opt_eps=None, opt_betas=None, momentum=0.9, weight_decay=0.01, sched='cosine', lr=0.0001, lr_cycle_mul=1.0, min_ratio=0.1, decay_rate=0.1, warmup_lr=1e-06, warmup_epochs=5, lr_cycle_limit=1, epochs=3000, resume='', save_path='results/model56/nasbench101/model56_100/', save_epoch_freq=1000, pretrained_path=None, print_freq=10000, patience=1500, lambda_mse=1.0, lambda_rank=0.9, lambda_consistency=0.0, test_freq=1, tqdm=0, try_exp=-1, rounds=3, debug=0)
Loading cached data from ./data/nasbench101/nasbench101_0.0/train_100_onehot_op_cached_data.pth
Loading cached data from ./data/nasbench101/nasbench101_0/val_100_onehot_op_cached_data.pth
Model : model56
warmup steps: 600.0
Loading cached data from ./data/nasbench101/nasbench101_0.0/test_100_onehot_op_cached_data.pth
Model : model56
Namespace(seed=2023, dataset='nasbench101', model='model56', device='cuda', do_train=True, data_path='data/nasbench101/all_nasbench101_onehot_op.pt', override_data=False, test_model_type='resnet18', finetuning=False, batch_size=128, percent=100, n_workers=1, parallel=False, embed_type='onehot_op', act_function='relu', class_token=True, depth_embed=True, encoder_type='nn', enc_dim=96, in_chans=32, d_model=180, dropout=0.1, gcn_layers=10, pool_gnn_layers=2, num_pooling=1, pool_ratio=0.25, graph_readout='att', graph_d_model=160, graph_d_ff=640, graph_n_head=6, depths=[12], drop_path_rate=0.0, tf_layers=3, use_head=0, avg_tokens=False, use_aux_loss=0, opt='adamw', opt_eps=None, opt_betas=None, momentum=0.9, weight_decay=0.01, sched='cosine', lr=0.0001, lr_cycle_mul=1.0, min_ratio=0.1, decay_rate=0.1, warmup_lr=1e-06, warmup_epochs=5, lr_cycle_limit=1, epochs=3000, resume='', save_path='results/model56/nasbench101/model56_100/', save_epoch_freq=1000, pretrained_path=None, print_freq=10000, patience=1500, lambda_mse=1.0, lambda_rank=0.9, lambda_consistency=0.0, test_freq=1, tqdm=0, try_exp=-1, rounds=3, debug=0)
[2026-03-22 07:11:26] ********************Experiment Results********************
[2026-03-22 07:11:26] log Filename: dataset__nasbench101|model__model56|dmodel__180|embedtype__onehot_op|gcnlayers__10|graphnhead__6|graphreadout__att|lambdaconsistency__0.0|lambdamse__1.0|lambdarank__0.9|percent__100
[2026-03-22 07:11:26] Experiment Detail: dataset : nasbench101, model : model56, d_model : 180, embed_type : onehot_op, gcn_layers : 10, graph_n_head : 6, graph_readout : att, lambda_consistency : 0.0, lambda_mse : 1.0, lambda_rank : 0.9, percent : 100
[2026-03-22 07:11:26] ------------------------------------------------------------
[2026-03-22 07:11:26] train_tau : 0.7141 ± 0.0057
[2026-03-22 07:11:26] Tau       : 0.7021 ± 0.0071
[2026-03-22 07:11:26] MAPE      : 0.0340 ± 0.0015
[2026-03-22 07:11:26] ErrBnd    : 0.5625 ± 0.0765
[2026-03-22 07:11:26] BestEpoch : 1979.3333 ± 62.5158
[2026-03-22 07:11:26] TrainTimeSec: 626.5920 ± 9.6385
[2026-03-22 07:11:26] ********************Experiment Success********************

[07:11:27] lambda_rank=1.0  lambda_consistency=0  rounds=3
/home/rtx4090/anaconda3/lib/python3.12/site-packages/timm/models/layers/__init__.py:48: FutureWarning: Importing from timm.models.layers is deprecated, please import via timm.layers
  warnings.warn(f"Importing from {__name__} is deprecated, please import via timm.layers", FutureWarning)
2026-03-22 07:11:29 INFO: Totally 1 GPUs are available.
2026-03-22 07:11:29 INFO: Configs: Namespace(seed=2023, dataset='nasbench101', model='model56', device='cuda', do_train=True, data_path='data/nasbench101/all_nasbench101.pt', override_data=False, test_model_type='resnet18', finetuning=False, batch_size=128, percent=100, n_workers=1, parallel=False, embed_type='onehot_op', act_function='relu', class_token=True, depth_embed=True, encoder_type='nn', enc_dim=96, in_chans=32, d_model=180, dropout=0.1, gcn_layers=10, pool_gnn_layers=2, num_pooling=1, pool_ratio=0.25, graph_readout='att', graph_d_model=160, graph_d_ff=640, graph_n_head=6, depths=[12], drop_path_rate=0.0, tf_layers=3, use_head=0, avg_tokens=False, use_aux_loss=0, opt='adamw', opt_eps=None, opt_betas=None, momentum=0.9, weight_decay=0.01, sched='cosine', lr=0.0001, lr_cycle_mul=1.0, min_ratio=0.1, decay_rate=0.1, warmup_lr=1e-06, warmup_epochs=5, lr_cycle_limit=1, epochs=3000, resume='', save_path='results/model56/nasbench101/model56_100/', save_epoch_freq=1000, pretrained_path=None, print_freq=10000, patience=1500, lambda_mse=1.0, lambda_rank=1.0, lambda_consistency=0.0, test_freq=1, tqdm=0, try_exp=-1, rounds=3, debug=0)
2026-03-22 07:11:29 INFO: Building dataset train from .pth file
2026-03-22 07:11:29 INFO: Finish Loading dataset train; Number of samples: 100; Time: 0.01s
2026-03-22 07:11:29 INFO: Building dataset val from .pth file
2026-03-22 07:11:29 INFO: Finish Loading dataset val; Number of samples: 1024; Time: 0.07s
2026-03-22 07:21:50 INFO: Saved tau curve to ./results/tau/20260322072150_model56_100.pdf
2026-03-22 07:21:50 INFO: Training Finished | Best KT 0.70622 | Best MAPE  0.02602853 | Best ErrB  0.63183594
2026-03-22 07:21:50 INFO: Building dataset test from .pth file
2026-03-22 07:22:34 INFO: Finish Loading dataset test; Number of samples: 423624; Time: 44.09s
2026-03-22 07:23:27 INFO: [EVAL-best]  TrainKT  0.70622 | KT  0.69300, MAPE  0.03302, ErrBnd(0.01)  0.61783
2026-03-22 07:23:29 INFO: Totally 1 GPUs are available.
2026-03-22 07:23:29 INFO: Configs: Namespace(seed=2023, dataset='nasbench101', model='model56', device='cuda', do_train=True, data_path='data/nasbench101/all_nasbench101.pt', override_data=False, test_model_type='resnet18', finetuning=False, batch_size=128, percent=100, n_workers=1, parallel=False, embed_type='onehot_op', act_function='relu', class_token=True, depth_embed=True, encoder_type='nn', enc_dim=96, in_chans=32, d_model=180, dropout=0.1, gcn_layers=10, pool_gnn_layers=2, num_pooling=1, pool_ratio=0.25, graph_readout='att', graph_d_model=160, graph_d_ff=640, graph_n_head=6, depths=[12], drop_path_rate=0.0, tf_layers=3, use_head=0, avg_tokens=False, use_aux_loss=0, opt='adamw', opt_eps=None, opt_betas=None, momentum=0.9, weight_decay=0.01, sched='cosine', lr=0.0001, lr_cycle_mul=1.0, min_ratio=0.1, decay_rate=0.1, warmup_lr=1e-06, warmup_epochs=5, lr_cycle_limit=1, epochs=3000, resume='', save_path='results/model56/nasbench101/model56_100/', save_epoch_freq=1000, pretrained_path=None, print_freq=10000, patience=1500, lambda_mse=1.0, lambda_rank=1.0, lambda_consistency=0.0, test_freq=1, tqdm=0, try_exp=-1, rounds=3, debug=0)
2026-03-22 07:23:29 INFO: Building dataset train from .pth file
2026-03-22 07:23:29 INFO: Finish Loading dataset train; Number of samples: 100; Time: 0.01s
2026-03-22 07:23:29 INFO: Building dataset val from .pth file
2026-03-22 07:23:29 INFO: Finish Loading dataset val; Number of samples: 1024; Time: 0.07s
2026-03-22 07:33:30 INFO: Early stopping at epoch 2876 | Best KT:0.70730 MAPE:0.02447 ErrB:0.70508
2026-03-22 07:33:30 INFO: Saved tau curve to ./results/tau/20260322073330_model56_100.pdf
2026-03-22 07:33:30 INFO: Training Finished | Best KT 0.70730 | Best MAPE  0.02447219 | Best ErrB  0.70507812
2026-03-22 07:33:30 INFO: Building dataset test from .pth file
2026-03-22 07:34:12 INFO: Finish Loading dataset test; Number of samples: 423624; Time: 42.02s
2026-03-22 07:35:10 INFO: [EVAL-best]  TrainKT  0.70730 | KT  0.69235, MAPE  0.03164, ErrBnd(0.01)  0.67092
2026-03-22 07:35:12 INFO: Totally 1 GPUs are available.
2026-03-22 07:35:12 INFO: Configs: Namespace(seed=2023, dataset='nasbench101', model='model56', device='cuda', do_train=True, data_path='data/nasbench101/all_nasbench101.pt', override_data=False, test_model_type='resnet18', finetuning=False, batch_size=128, percent=100, n_workers=1, parallel=False, embed_type='onehot_op', act_function='relu', class_token=True, depth_embed=True, encoder_type='nn', enc_dim=96, in_chans=32, d_model=180, dropout=0.1, gcn_layers=10, pool_gnn_layers=2, num_pooling=1, pool_ratio=0.25, graph_readout='att', graph_d_model=160, graph_d_ff=640, graph_n_head=6, depths=[12], drop_path_rate=0.0, tf_layers=3, use_head=0, avg_tokens=False, use_aux_loss=0, opt='adamw', opt_eps=None, opt_betas=None, momentum=0.9, weight_decay=0.01, sched='cosine', lr=0.0001, lr_cycle_mul=1.0, min_ratio=0.1, decay_rate=0.1, warmup_lr=1e-06, warmup_epochs=5, lr_cycle_limit=1, epochs=3000, resume='', save_path='results/model56/nasbench101/model56_100/', save_epoch_freq=1000, pretrained_path=None, print_freq=10000, patience=1500, lambda_mse=1.0, lambda_rank=1.0, lambda_consistency=0.0, test_freq=1, tqdm=0, try_exp=-1, rounds=3, debug=0)
2026-03-22 07:35:12 INFO: Building dataset train from .pth file
2026-03-22 07:35:12 INFO: Finish Loading dataset train; Number of samples: 100; Time: 0.01s
2026-03-22 07:35:12 INFO: Building dataset val from .pth file
2026-03-22 07:35:12 INFO: Finish Loading dataset val; Number of samples: 1024; Time: 0.07s
2026-03-22 07:45:51 INFO: Saved tau curve to ./results/tau/20260322074551_model56_100.pdf
2026-03-22 07:45:51 INFO: Training Finished | Best KT 0.71708 | Best MAPE  0.02455560 | Best ErrB  0.69628906
2026-03-22 07:45:51 INFO: Building dataset test from .pth file
2026-03-22 07:46:35 INFO: Finish Loading dataset test; Number of samples: 423624; Time: 44.03s
2026-03-22 07:47:30 INFO: [EVAL-best]  TrainKT  0.71708 | KT  0.70434, MAPE  0.03180, ErrBnd(0.01)  0.68601
[1;31mdataset__nasbench101|model__model56|dmodel__180|embedtype__onehot_op|gcnlayers__10|graphnhead__6|graphreadout__att|lambdaconsistency__0.0|lambdamse__1.0|lambdarank__1.0|percent__100[0m
Loading cached data from ./data/nasbench101/nasbench101_0.0/train_100_onehot_op_cached_data.pth
Loading cached data from ./data/nasbench101/nasbench101_0/val_100_onehot_op_cached_data.pth
Model : model56
warmup steps: 600.0
Loading cached data from ./data/nasbench101/nasbench101_0.0/test_100_onehot_op_cached_data.pth
Model : model56
Namespace(seed=2023, dataset='nasbench101', model='model56', device='cuda', do_train=True, data_path='data/nasbench101/all_nasbench101_onehot_op.pt', override_data=False, test_model_type='resnet18', finetuning=False, batch_size=128, percent=100, n_workers=1, parallel=False, embed_type='onehot_op', act_function='relu', class_token=True, depth_embed=True, encoder_type='nn', enc_dim=96, in_chans=32, d_model=180, dropout=0.1, gcn_layers=10, pool_gnn_layers=2, num_pooling=1, pool_ratio=0.25, graph_readout='att', graph_d_model=160, graph_d_ff=640, graph_n_head=6, depths=[12], drop_path_rate=0.0, tf_layers=3, use_head=0, avg_tokens=False, use_aux_loss=0, opt='adamw', opt_eps=None, opt_betas=None, momentum=0.9, weight_decay=0.01, sched='cosine', lr=0.0001, lr_cycle_mul=1.0, min_ratio=0.1, decay_rate=0.1, warmup_lr=1e-06, warmup_epochs=5, lr_cycle_limit=1, epochs=3000, resume='', save_path='results/model56/nasbench101/model56_100/', save_epoch_freq=1000, pretrained_path=None, print_freq=10000, patience=1500, lambda_mse=1.0, lambda_rank=1.0, lambda_consistency=0.0, test_freq=1, tqdm=0, try_exp=-1, rounds=3, debug=0)
Loading cached data from ./data/nasbench101/nasbench101_0.0/train_100_onehot_op_cached_data.pth
Loading cached data from ./data/nasbench101/nasbench101_0/val_100_onehot_op_cached_data.pth
Model : model56
warmup steps: 600.0
Loading cached data from ./data/nasbench101/nasbench101_0.0/test_100_onehot_op_cached_data.pth
Model : model56
Namespace(seed=2023, dataset='nasbench101', model='model56', device='cuda', do_train=True, data_path='data/nasbench101/all_nasbench101_onehot_op.pt', override_data=False, test_model_type='resnet18', finetuning=False, batch_size=128, percent=100, n_workers=1, parallel=False, embed_type='onehot_op', act_function='relu', class_token=True, depth_embed=True, encoder_type='nn', enc_dim=96, in_chans=32, d_model=180, dropout=0.1, gcn_layers=10, pool_gnn_layers=2, num_pooling=1, pool_ratio=0.25, graph_readout='att', graph_d_model=160, graph_d_ff=640, graph_n_head=6, depths=[12], drop_path_rate=0.0, tf_layers=3, use_head=0, avg_tokens=False, use_aux_loss=0, opt='adamw', opt_eps=None, opt_betas=None, momentum=0.9, weight_decay=0.01, sched='cosine', lr=0.0001, lr_cycle_mul=1.0, min_ratio=0.1, decay_rate=0.1, warmup_lr=1e-06, warmup_epochs=5, lr_cycle_limit=1, epochs=3000, resume='', save_path='results/model56/nasbench101/model56_100/', save_epoch_freq=1000, pretrained_path=None, print_freq=10000, patience=1500, lambda_mse=1.0, lambda_rank=1.0, lambda_consistency=0.0, test_freq=1, tqdm=0, try_exp=-1, rounds=3, debug=0)
Loading cached data from ./data/nasbench101/nasbench101_0.0/train_100_onehot_op_cached_data.pth
Loading cached data from ./data/nasbench101/nasbench101_0/val_100_onehot_op_cached_data.pth
Model : model56
warmup steps: 600.0
Loading cached data from ./data/nasbench101/nasbench101_0.0/test_100_onehot_op_cached_data.pth
Model : model56
Namespace(seed=2023, dataset='nasbench101', model='model56', device='cuda', do_train=True, data_path='data/nasbench101/all_nasbench101_onehot_op.pt', override_data=False, test_model_type='resnet18', finetuning=False, batch_size=128, percent=100, n_workers=1, parallel=False, embed_type='onehot_op', act_function='relu', class_token=True, depth_embed=True, encoder_type='nn', enc_dim=96, in_chans=32, d_model=180, dropout=0.1, gcn_layers=10, pool_gnn_layers=2, num_pooling=1, pool_ratio=0.25, graph_readout='att', graph_d_model=160, graph_d_ff=640, graph_n_head=6, depths=[12], drop_path_rate=0.0, tf_layers=3, use_head=0, avg_tokens=False, use_aux_loss=0, opt='adamw', opt_eps=None, opt_betas=None, momentum=0.9, weight_decay=0.01, sched='cosine', lr=0.0001, lr_cycle_mul=1.0, min_ratio=0.1, decay_rate=0.1, warmup_lr=1e-06, warmup_epochs=5, lr_cycle_limit=1, epochs=3000, resume='', save_path='results/model56/nasbench101/model56_100/', save_epoch_freq=1000, pretrained_path=None, print_freq=10000, patience=1500, lambda_mse=1.0, lambda_rank=1.0, lambda_consistency=0.0, test_freq=1, tqdm=0, try_exp=-1, rounds=3, debug=0)
[2026-03-22 07:47:31] ********************Experiment Results********************
[2026-03-22 07:47:31] log Filename: dataset__nasbench101|model__model56|dmodel__180|embedtype__onehot_op|gcnlayers__10|graphnhead__6|graphreadout__att|lambdaconsistency__0.0|lambdamse__1.0|lambdarank__1.0|percent__100
[2026-03-22 07:47:31] Experiment Detail: dataset : nasbench101, model : model56, d_model : 180, embed_type : onehot_op, gcn_layers : 10, graph_n_head : 6, graph_readout : att, lambda_consistency : 0.0, lambda_mse : 1.0, lambda_rank : 1.0, percent : 100
[2026-03-22 07:47:31] ------------------------------------------------------------
[2026-03-22 07:47:31] train_tau : 0.7102 ± 0.0049
[2026-03-22 07:47:31] Tau       : 0.6966 ± 0.0055
[2026-03-22 07:47:31] MAPE      : 0.0322 ± 0.0006
[2026-03-22 07:47:31] ErrBnd    : 0.6583 ± 0.0292
[2026-03-22 07:47:31] BestEpoch : 2222.6667 ± 603.1768
[2026-03-22 07:47:31] TrainTimeSec: 620.6638 ± 15.7735
[2026-03-22 07:47:31] ********************Experiment Success********************

========================================================
  全部完成  2026-03-22 07:47:32
========================================================
